702 programs, 1 VMs
extracting reproducer from 617 programs
single: executing 2 programs separately with timeout 10s
testing program (duration=10s, {Threaded:true Collide:true Repeat:true Procs:2 Sandbox:none Fault:false FaultCall:-1 FaultNth:0 EnableTun:true UseTmpDir:true EnableCgroups:true EnableNetdev:true ResetNet:true HandleSegv:true WaitRepeat:true Debug:false Repro:true}): syz_open_dev$usbmon-ioctl$SG_EMULATED_HOST-getsockname$llc-socket$inet6_udp-ioctl$sock_SIOCETHTOOL-getpgrp-sched_rr_get_interval-ioctl$BLKGETSIZE64-ioctl$TIOCSTI-socketpair$unix-dup2-dup2-ioctl$CDROM_LOCKDOOR-openat$cgroup_root-perf_event_open-creat-write$cgroup_type-openat$cgroup_ro-close-close-close-openat$loop_ctrl-ioctl$LOOP_CTL_GET_FREE-ioctl$LOOP_CTL_ADD-ioctl$LOOP_CTL_GET_FREE-ioctl$LOOP_CTL_GET_FREE-ioctl$LOOP_CTL_REMOVE-read-clock_gettime
program did not crash
testing program (duration=10s, {Threaded:true Collide:true Repeat:true Procs:2 Sandbox:none Fault:false FaultCall:-1 FaultNth:0 EnableTun:true UseTmpDir:true EnableCgroups:true EnableNetdev:true ResetNet:true HandleSegv:true WaitRepeat:true Debug:false Repro:true}): openat-ioctl$SNDRV_SEQ_IOCTL_REMOVE_EVENTS-syz_open_dev$sndseq-ioctl$SNDRV_SEQ_IOCTL_CREATE_QUEUE-ioctl$SNDRV_SEQ_IOCTL_QUERY_NEXT_CLIENT-syz_open_dev$sndseq-ioctl$SNDRV_SEQ_IOCTL_REMOVE_EVENTS
program crashed: UBSAN: Undefined behaviour in sound/core/seq/seq_clientmgr.c:LINE
single: successfully extracted reproducer
found reproducer with 7 syscalls
minimizing guilty program
testing program (duration=15s, {Threaded:true Collide:true Repeat:true Procs:2 Sandbox:none Fault:false FaultCall:-1 FaultNth:0 EnableTun:true UseTmpDir:true EnableCgroups:true EnableNetdev:true ResetNet:true HandleSegv:true WaitRepeat:true Debug:false Repro:true}): openat-ioctl$SNDRV_SEQ_IOCTL_REMOVE_EVENTS-syz_open_dev$sndseq-ioctl$SNDRV_SEQ_IOCTL_CREATE_QUEUE-ioctl$SNDRV_SEQ_IOCTL_QUERY_NEXT_CLIENT-syz_open_dev$sndseq
program crashed: UBSAN: Undefined behaviour in sound/core/seq/seq_clientmgr.c:LINE
testing program (duration=15s, {Threaded:true Collide:true Repeat:true Procs:2 Sandbox:none Fault:false FaultCall:-1 FaultNth:0 EnableTun:true UseTmpDir:true EnableCgroups:true EnableNetdev:true ResetNet:true HandleSegv:true WaitRepeat:true Debug:false Repro:true}): openat-ioctl$SNDRV_SEQ_IOCTL_REMOVE_EVENTS-syz_open_dev$sndseq-ioctl$SNDRV_SEQ_IOCTL_CREATE_QUEUE-ioctl$SNDRV_SEQ_IOCTL_QUERY_NEXT_CLIENT
program crashed: UBSAN: Undefined behaviour in sound/core/seq/seq_clientmgr.c:LINE
testing program (duration=15s, {Threaded:true Collide:true Repeat:true Procs:2 Sandbox:none Fault:false FaultCall:-1 FaultNth:0 EnableTun:true UseTmpDir:true EnableCgroups:true EnableNetdev:true ResetNet:true HandleSegv:true WaitRepeat:true Debug:false Repro:true}): openat-ioctl$SNDRV_SEQ_IOCTL_REMOVE_EVENTS-syz_open_dev$sndseq-ioctl$SNDRV_SEQ_IOCTL_CREATE_QUEUE
program did not crash
testing program (duration=15s, {Threaded:true Collide:true Repeat:true Procs:2 Sandbox:none Fault:false FaultCall:-1 FaultNth:0 EnableTun:true UseTmpDir:true EnableCgroups:true EnableNetdev:true ResetNet:true HandleSegv:true WaitRepeat:true Debug:false Repro:true}): openat-ioctl$SNDRV_SEQ_IOCTL_REMOVE_EVENTS-syz_open_dev$sndseq-ioctl$SNDRV_SEQ_IOCTL_QUERY_NEXT_CLIENT
program crashed: UBSAN: Undefined behaviour in sound/core/seq/seq_clientmgr.c:LINE
testing program (duration=15s, {Threaded:true Collide:true Repeat:true Procs:2 Sandbox:none Fault:false FaultCall:-1 FaultNth:0 EnableTun:true UseTmpDir:true EnableCgroups:true EnableNetdev:true ResetNet:true HandleSegv:true WaitRepeat:true Debug:false Repro:true}): openat-ioctl$SNDRV_SEQ_IOCTL_REMOVE_EVENTS-ioctl$SNDRV_SEQ_IOCTL_QUERY_NEXT_CLIENT
program did not crash
testing program (duration=15s, {Threaded:true Collide:true Repeat:true Procs:2 Sandbox:none Fault:false FaultCall:-1 FaultNth:0 EnableTun:true UseTmpDir:true EnableCgroups:true EnableNetdev:true ResetNet:true HandleSegv:true WaitRepeat:true Debug:false Repro:true}): openat-syz_open_dev$sndseq-ioctl$SNDRV_SEQ_IOCTL_QUERY_NEXT_CLIENT
program crashed: UBSAN: Undefined behaviour in sound/core/seq/seq_clientmgr.c:LINE
testing program (duration=15s, {Threaded:true Collide:true Repeat:true Procs:2 Sandbox:none Fault:false FaultCall:-1 FaultNth:0 EnableTun:true UseTmpDir:true EnableCgroups:true EnableNetdev:true ResetNet:true HandleSegv:true WaitRepeat:true Debug:false Repro:true}): syz_open_dev$sndseq-ioctl$SNDRV_SEQ_IOCTL_QUERY_NEXT_CLIENT
program crashed: UBSAN: Undefined behaviour in sound/core/seq/seq_clientmgr.c:LINE
extracting C reproducer
testing compiled C program (duration=15s, {Threaded:true Collide:true Repeat:true Procs:2 Sandbox:none Fault:false FaultCall:-1 FaultNth:0 EnableTun:true UseTmpDir:true EnableCgroups:true EnableNetdev:true ResetNet:true HandleSegv:true WaitRepeat:true Debug:false Repro:true}): syz_open_dev$sndseq-ioctl$SNDRV_SEQ_IOCTL_QUERY_NEXT_CLIENT
program crashed: UBSAN: Undefined behaviour in sound/core/seq/seq_clientmgr.c:LINE
simplifying C reproducer
testing compiled C program (duration=15s, {Threaded:true Collide:false Repeat:true Procs:2 Sandbox:none Fault:false FaultCall:-1 FaultNth:0 EnableTun:true UseTmpDir:true EnableCgroups:true EnableNetdev:true ResetNet:true HandleSegv:true WaitRepeat:true Debug:false Repro:true}): syz_open_dev$sndseq-ioctl$SNDRV_SEQ_IOCTL_QUERY_NEXT_CLIENT
program crashed: UBSAN: Undefined behaviour in sound/core/seq/seq_clientmgr.c:LINE
testing compiled C program (duration=15s, {Threaded:false Collide:false Repeat:true Procs:2 Sandbox:none Fault:false FaultCall:-1 FaultNth:0 EnableTun:true UseTmpDir:true EnableCgroups:true EnableNetdev:true ResetNet:true HandleSegv:true WaitRepeat:true Debug:false Repro:true}): syz_open_dev$sndseq-ioctl$SNDRV_SEQ_IOCTL_QUERY_NEXT_CLIENT
program crashed: UBSAN: Undefined behaviour in sound/core/seq/seq_clientmgr.c:LINE
testing compiled C program (duration=15s, {Threaded:false Collide:false Repeat:false Procs:1 Sandbox:none Fault:false FaultCall:-1 FaultNth:0 EnableTun:true UseTmpDir:true EnableCgroups:false EnableNetdev:true ResetNet:false HandleSegv:true WaitRepeat:false Debug:false Repro:true}): syz_open_dev$sndseq-ioctl$SNDRV_SEQ_IOCTL_QUERY_NEXT_CLIENT
program crashed: UBSAN: Undefined behaviour in sound/core/seq/seq_clientmgr.c:LINE
testing compiled C program (duration=15s, {Threaded:false Collide:false Repeat:false Procs:1 Sandbox: Fault:false FaultCall:-1 FaultNth:0 EnableTun:false UseTmpDir:true EnableCgroups:false EnableNetdev:false ResetNet:false HandleSegv:true WaitRepeat:false Debug:false Repro:true}): syz_open_dev$sndseq-ioctl$SNDRV_SEQ_IOCTL_QUERY_NEXT_CLIENT
program crashed: UBSAN: Undefined behaviour in sound/core/seq/seq_clientmgr.c:LINE
testing compiled C program (duration=15s, {Threaded:false Collide:false Repeat:false Procs:1 Sandbox: Fault:false FaultCall:-1 FaultNth:0 EnableTun:false UseTmpDir:false EnableCgroups:false EnableNetdev:false ResetNet:false HandleSegv:true WaitRepeat:false Debug:false Repro:true}): syz_open_dev$sndseq-ioctl$SNDRV_SEQ_IOCTL_QUERY_NEXT_CLIENT
program crashed: UBSAN: Undefined behaviour in sound/core/seq/seq_clientmgr.c:LINE
testing compiled C program (duration=15s, {Threaded:false Collide:false Repeat:false Procs:1 Sandbox: Fault:false FaultCall:-1 FaultNth:0 EnableTun:false UseTmpDir:false EnableCgroups:false EnableNetdev:false ResetNet:false HandleSegv:false WaitRepeat:false Debug:false Repro:true}): syz_open_dev$sndseq-ioctl$SNDRV_SEQ_IOCTL_QUERY_NEXT_CLIENT
program crashed: UBSAN: Undefined behaviour in sound/core/seq/seq_clientmgr.c:LINE
reproducing took 7m30.912247158s
repro crashed as (corrupted=false):
================================================================================
UBSAN: Undefined behaviour in sound/core/seq/seq_clientmgr.c:2007:14
signed integer overflow:
2147483647 + 1 cannot be represented in type 'int'
CPU: 0 PID: 2711 Comm: syz-executor808 Not tainted 4.18.0-rc1 #2
Hardware name: QEMU Standard PC (i440FX + PIIX, 1996), BIOS rel-1.10.2-0-g5f4c7b1-prebuilt.qemu-project.org 04/01/2014
Call Trace:
 dump_stack+0x122/0x1c8
 ubsan_epilogue+0x12/0x86
 handle_overflow+0x1c2/0x21f
 __ubsan_handle_add_overflow+0x2a/0x31
 snd_seq_ioctl_query_next_client+0x1ac/0x1d0
 snd_seq_ioctl+0x264/0x3d0
 do_vfs_ioctl+0x1e8/0x1340
 ksys_ioctl+0x9c/0xb0
 __x64_sys_ioctl+0x81/0xd0
 do_syscall_64+0xb8/0x3a0
 entry_SYSCALL_64_after_hwframe+0x49/0xbe
RIP: 0033:0x444039
Code: 18 89 d0 c3 66 2e 0f 1f 84 00 00 00 00 00 0f 1f 00 48 89 f8 48 89 f7 48 89 d6 48 89 ca 4d 89 c2 4d 89 c8 4c 8b 4c 24 08 0f 05 <48> 3d 01 f0 ff ff 0f 83 1b d8 fb ff c3 66 2e 0f 1f 84 00 00 00 00 
RSP: 002b:00007ffe3bd12ff8 EFLAGS: 00000213 ORIG_RAX: 0000000000000010
RAX: ffffffffffffffda RBX: 00000000004002e0 RCX: 0000000000444039
RDX: 00000000200001c0 RSI: 00000000c0bc5351 RDI: 0000000000000003
RBP: 00000000006ce018 R08: 00000000004002e0 R09: 00000000004002e0
R10: 000000000000ffff R11: 0000000000000213 R12: 0000000000401ce0
R13: 0000000000401d70 R14: 0000000000000000 R15: 0000000000000000
================================================================================

final repro crashed as (corrupted=false):
================================================================================
UBSAN: Undefined behaviour in sound/core/seq/seq_clientmgr.c:2007:14
signed integer overflow:
2147483647 + 1 cannot be represented in type 'int'
CPU: 0 PID: 2711 Comm: syz-executor808 Not tainted 4.18.0-rc1 #2
Hardware name: QEMU Standard PC (i440FX + PIIX, 1996), BIOS rel-1.10.2-0-g5f4c7b1-prebuilt.qemu-project.org 04/01/2014
Call Trace:
 dump_stack+0x122/0x1c8
 ubsan_epilogue+0x12/0x86
 handle_overflow+0x1c2/0x21f
 __ubsan_handle_add_overflow+0x2a/0x31
 snd_seq_ioctl_query_next_client+0x1ac/0x1d0
 snd_seq_ioctl+0x264/0x3d0
 do_vfs_ioctl+0x1e8/0x1340
 ksys_ioctl+0x9c/0xb0
 __x64_sys_ioctl+0x81/0xd0
 do_syscall_64+0xb8/0x3a0
 entry_SYSCALL_64_after_hwframe+0x49/0xbe
RIP: 0033:0x444039
Code: 18 89 d0 c3 66 2e 0f 1f 84 00 00 00 00 00 0f 1f 00 48 89 f8 48 89 f7 48 89 d6 48 89 ca 4d 89 c2 4d 89 c8 4c 8b 4c 24 08 0f 05 <48> 3d 01 f0 ff ff 0f 83 1b d8 fb ff c3 66 2e 0f 1f 84 00 00 00 00 
RSP: 002b:00007ffe3bd12ff8 EFLAGS: 00000213 ORIG_RAX: 0000000000000010
RAX: ffffffffffffffda RBX: 00000000004002e0 RCX: 0000000000444039
RDX: 00000000200001c0 RSI: 00000000c0bc5351 RDI: 0000000000000003
RBP: 00000000006ce018 R08: 00000000004002e0 R09: 00000000004002e0
R10: 000000000000ffff R11: 0000000000000213 R12: 0000000000401ce0
R13: 0000000000401d70 R14: 0000000000000000 R15: 0000000000000000
================================================================================

