executing program
syzkaller login: [   14.949411] ================================================================================
[   14.954330] UBSAN: Undefined behaviour in sound/core/seq/seq_clientmgr.c:2007:14
[   14.958634] signed integer overflow:
[   14.960722] 2147483647 + 1 cannot be represented in type 'int'
[   14.964085] CPU: 0 PID: 2711 Comm: syz-executor808 Not tainted 4.18.0-rc1 #2
[   14.968070] Hardware name: QEMU Standard PC (i440FX + PIIX, 1996), BIOS rel-1.10.2-0-g5f4c7b1-prebuilt.qemu-project.org 04/01/2014
[   14.974680] Call Trace:
[   14.976146]  dump_stack+0x122/0x1c8
[   14.978182]  ? show_regs_print_info+0x18/0x18
[   14.980711]  ubsan_epilogue+0x12/0x86
[   14.982828]  handle_overflow+0x1c2/0x21f
[   14.985124]  ? __ubsan_handle_negate_overflow+0x1bc/0x1bc
[   14.988231]  ? __is_insn_slot_addr+0xb5/0x120
[   14.990751]  ? kernel_text_address+0xf2/0x100
[   14.993314]  ? rcu_note_context_switch+0x400/0x400
[   14.996081]  ? __kernel_text_address+0x12/0x40
[   14.998643]  __ubsan_handle_add_overflow+0x2a/0x31
[   15.001362]  snd_seq_ioctl_query_next_client+0x1ac/0x1d0
[   15.004436]  snd_seq_ioctl+0x264/0x3d0
[   15.006613]  ? snd_seq_open+0x6b0/0x6b0
[   15.008848]  ? entry_SYSCALL_64_after_hwframe+0x49/0xbe
[   15.011843]  ? __pmd_alloc+0x3a0/0x3a0
[   15.013956]  ? rcu_note_context_switch+0x400/0x400
[   15.016725]  ? snd_seq_open+0x6b0/0x6b0
[   15.018954]  do_vfs_ioctl+0x1e8/0x1340
[   15.021508]  ? ioctl_preallocate+0x250/0x250
[   15.023980]  ? selinux_file_ioctl+0x3d9/0x680
[   15.026482]  ? match_file+0x140/0x140
[   15.028635]  ? __slab_free+0x1d1/0x6f0
[   15.030796]  ? kmem_cache_free+0xdc/0x3a0
[   15.033128]  ? security_file_ioctl+0x91/0xd0
[   15.035777]  ksys_ioctl+0x9c/0xb0
[   15.037711]  __x64_sys_ioctl+0x81/0xd0
[   15.039897]  do_syscall_64+0xb8/0x3a0
[   15.042016]  entry_SYSCALL_64_after_hwframe+0x49/0xbe
[   15.044896] RIP: 0033:0x444039
[   15.046680] Code: 18 89 d0 c3 66 2e 0f 1f 84 00 00 00 00 00 0f 1f 00 48 89 f8 48 89 f7 48 89 d6 48 89 ca 4d 89 c2 4d 89 c8 4c 8b 4c 24 08 0f 05 <48> 3d 01 f0 ff ff 0f 83 1b d8 fb ff c3 66 2e 0f 1f 84 00 00 00 00 
[   15.057527] RSP: 002b:00007ffe3bd12ff8 EFLAGS: 00000213 ORIG_RAX: 0000000000000010
[   15.061820] RAX: ffffffffffffffda RBX: 00000000004002e0 RCX: 0000000000444039
[   15.065876] RDX: 00000000200001c0 RSI: 00000000c0bc5351 RDI: 0000000000000003
[   15.069957] RBP: 00000000006ce018 R08: 00000000004002e0 R09: 00000000004002e0
[   15.073741] R10: 000000000000ffff R11: 0000000000000213 R12: 0000000000401ce0
[   15.077777] R13: 0000000000401d70 R14: 0000000000000000 R15: 0000000000000000
[   15.081795] ================================================================================
