executing program
syzkaller login: [   14.302213] ================================================================================
[   14.304061] UBSAN: Undefined behaviour in fs/read_write.c:108:12
[   14.305371] signed integer overflow:
[   14.306160] 9223372036854775807 + 86 cannot be represented in type 'long long int'
[   14.307798] CPU: 0 PID: 2717 Comm: syz-executor918 Not tainted 4.18.0-rc1 #2
[   14.309348] Hardware name: QEMU Standard PC (i440FX + PIIX, 1996), BIOS rel-1.10.2-0-g5f4c7b1-prebuilt.qemu-project.org 04/01/2014
[   14.311823] Call Trace:
[   14.312404]  dump_stack+0x122/0x1c8
[   14.313188]  ? show_regs_print_info+0x18/0x18
[   14.314144]  ubsan_epilogue+0x12/0x86
[   14.314971]  handle_overflow+0x1c2/0x21f
[   14.315848]  ? __ubsan_handle_negate_overflow+0x1bc/0x1bc
[   14.317045]  ? current_time+0x103/0x180
[   14.317907]  ? dentry_needs_remove_privs.part.16+0x60/0x60
[   14.319113]  ? touch_atime+0x10d/0x310
[   14.319948]  ? __atime_needs_update+0xca0/0xca0
[   14.320966]  __ubsan_handle_add_overflow+0x2a/0x31
[   14.322018]  generic_file_llseek_size+0x4f6/0x560
[   14.323055]  ? default_llseek+0x370/0x370
[   14.323949]  ext4_dir_llseek+0xf7/0x290
[   14.324797]  ? is_dx_dir+0x330/0x330
[   14.325602]  ksys_lseek+0xdb/0x170
[   14.326342]  __x64_sys_lseek+0x81/0xd0
[   14.327184]  do_syscall_64+0xb8/0x3a0
[   14.328012]  entry_SYSCALL_64_after_hwframe+0x49/0xbe
[   14.329134] RIP: 0033:0x43fcf9
[   14.329885] Code: 18 89 d0 c3 66 2e 0f 1f 84 00 00 00 00 00 0f 1f 00 48 89 f8 48 89 f7 48 89 d6 48 89 ca 4d 89 c2 4d 89 c8 4c 8b 4c 24 08 0f 05 <48> 3d 01 f0 ff ff 0f 83 6b 45 00 00 c3 66 2e 0f 1f 84 00 00 00 00 
[   14.333819] RSP: 002b:00007ffeb6bf5758 EFLAGS: 00000213 ORIG_RAX: 0000000000000008
[   14.335386] RAX: ffffffffffffffda RBX: 0030656c69662f2e RCX: 000000000043fcf9
[   14.336808] RDX: 0000000000000001 RSI: 0000000000000056 RDI: 0000000000000003
[   14.338378] RBP: 00000000006ca018 R08: 00000000004002c8 R09: 00000000004002c8
[   14.339910] R10: 00000000004002c8 R11: 0000000000000213 R12: 0000000000401620
[   14.342808] R13: 00000000004016b0 R14: 0000000000000000 R15: 0000000000000000
[   14.344419] ================================================================================
