1108 programs, 1 VMs
extracting reproducer from 1000 programs
single: executing 2 programs separately with timeout 10s
testing program (duration=10s, {Threaded:true Collide:true Repeat:true Procs:2 Sandbox:none Fault:false FaultCall:-1 FaultNth:0 EnableTun:true UseTmpDir:true EnableCgroups:true EnableNetdev:true ResetNet:true HandleSegv:true WaitRepeat:true Debug:false Repro:true}): socket$inet6_tcp-setsockopt$inet6_tcp_int-sendto$inet6
program did not crash
testing program (duration=10s, {Threaded:true Collide:true Repeat:true Procs:2 Sandbox:none Fault:false FaultCall:-1 FaultNth:0 EnableTun:true UseTmpDir:true EnableCgroups:true EnableNetdev:true ResetNet:true HandleSegv:true WaitRepeat:true Debug:false Repro:true}): inotify_init-dup2-dup2-close-socket$inet_udp-setsockopt$inet_IP_XFRM_POLICY-sendto$inet
program crashed: UBSAN: Undefined behaviour in ./include/net/xfrm.h:LINE
single: successfully extracted reproducer
found reproducer with 7 syscalls
minimizing guilty program
testing program (duration=15s, {Threaded:true Collide:true Repeat:true Procs:2 Sandbox:none Fault:false FaultCall:-1 FaultNth:0 EnableTun:true UseTmpDir:true EnableCgroups:true EnableNetdev:true ResetNet:true HandleSegv:true WaitRepeat:true Debug:false Repro:true}): inotify_init-dup2-dup2-close-socket$inet_udp-setsockopt$inet_IP_XFRM_POLICY
program did not crash
testing program (duration=15s, {Threaded:true Collide:true Repeat:true Procs:2 Sandbox:none Fault:false FaultCall:-1 FaultNth:0 EnableTun:true UseTmpDir:true EnableCgroups:true EnableNetdev:true ResetNet:true HandleSegv:true WaitRepeat:true Debug:false Repro:true}): inotify_init-dup2-dup2-close-socket$inet_udp-sendto$inet
program did not crash
testing program (duration=15s, {Threaded:true Collide:true Repeat:true Procs:2 Sandbox:none Fault:false FaultCall:-1 FaultNth:0 EnableTun:true UseTmpDir:true EnableCgroups:true EnableNetdev:true ResetNet:true HandleSegv:true WaitRepeat:true Debug:false Repro:true}): inotify_init-dup2-dup2-close-setsockopt$inet_IP_XFRM_POLICY-sendto$inet
program did not crash
testing program (duration=15s, {Threaded:true Collide:true Repeat:true Procs:2 Sandbox:none Fault:false FaultCall:-1 FaultNth:0 EnableTun:true UseTmpDir:true EnableCgroups:true EnableNetdev:true ResetNet:true HandleSegv:true WaitRepeat:true Debug:false Repro:true}): inotify_init-dup2-dup2-socket$inet_udp-setsockopt$inet_IP_XFRM_POLICY-sendto$inet
program did not crash
testing program (duration=15s, {Threaded:true Collide:true Repeat:true Procs:2 Sandbox:none Fault:false FaultCall:-1 FaultNth:0 EnableTun:true UseTmpDir:true EnableCgroups:true EnableNetdev:true ResetNet:true HandleSegv:true WaitRepeat:true Debug:false Repro:true}): inotify_init-dup2-close-socket$inet_udp-setsockopt$inet_IP_XFRM_POLICY-sendto$inet
program did not crash
testing program (duration=15s, {Threaded:true Collide:true Repeat:true Procs:2 Sandbox:none Fault:false FaultCall:-1 FaultNth:0 EnableTun:true UseTmpDir:true EnableCgroups:true EnableNetdev:true ResetNet:true HandleSegv:true WaitRepeat:true Debug:false Repro:true}): inotify_init-dup2-close-socket$inet_udp-setsockopt$inet_IP_XFRM_POLICY-sendto$inet
program did not crash
testing program (duration=15s, {Threaded:true Collide:true Repeat:true Procs:2 Sandbox:none Fault:false FaultCall:-1 FaultNth:0 EnableTun:true UseTmpDir:true EnableCgroups:true EnableNetdev:true ResetNet:true HandleSegv:true WaitRepeat:true Debug:false Repro:true}): dup2-dup2-close-socket$inet_udp-setsockopt$inet_IP_XFRM_POLICY-sendto$inet
program did not crash
extracting C reproducer
testing compiled C program (duration=15s, {Threaded:true Collide:true Repeat:true Procs:2 Sandbox:none Fault:false FaultCall:-1 FaultNth:0 EnableTun:true UseTmpDir:true EnableCgroups:true EnableNetdev:true ResetNet:true HandleSegv:true WaitRepeat:true Debug:false Repro:true}): inotify_init-dup2-dup2-close-socket$inet_udp-setsockopt$inet_IP_XFRM_POLICY-sendto$inet
program crashed: UBSAN: Undefined behaviour in ./include/net/xfrm.h:LINE
simplifying C reproducer
testing compiled C program (duration=15s, {Threaded:true Collide:false Repeat:true Procs:2 Sandbox:none Fault:false FaultCall:-1 FaultNth:0 EnableTun:true UseTmpDir:true EnableCgroups:true EnableNetdev:true ResetNet:true HandleSegv:true WaitRepeat:true Debug:false Repro:true}): inotify_init-dup2-dup2-close-socket$inet_udp-setsockopt$inet_IP_XFRM_POLICY-sendto$inet
program crashed: UBSAN: Undefined behaviour in ./include/net/xfrm.h:LINE
testing compiled C program (duration=15s, {Threaded:false Collide:false Repeat:true Procs:2 Sandbox:none Fault:false FaultCall:-1 FaultNth:0 EnableTun:true UseTmpDir:true EnableCgroups:true EnableNetdev:true ResetNet:true HandleSegv:true WaitRepeat:true Debug:false Repro:true}): inotify_init-dup2-dup2-close-socket$inet_udp-setsockopt$inet_IP_XFRM_POLICY-sendto$inet
program crashed: UBSAN: Undefined behaviour in ./include/net/xfrm.h:LINE
testing compiled C program (duration=15s, {Threaded:false Collide:false Repeat:false Procs:1 Sandbox:none Fault:false FaultCall:-1 FaultNth:0 EnableTun:true UseTmpDir:true EnableCgroups:false EnableNetdev:true ResetNet:false HandleSegv:true WaitRepeat:false Debug:false Repro:true}): inotify_init-dup2-dup2-close-socket$inet_udp-setsockopt$inet_IP_XFRM_POLICY-sendto$inet
program crashed: UBSAN: Undefined behaviour in ./include/net/xfrm.h:LINE
testing compiled C program (duration=15s, {Threaded:false Collide:false Repeat:false Procs:1 Sandbox: Fault:false FaultCall:-1 FaultNth:0 EnableTun:false UseTmpDir:true EnableCgroups:false EnableNetdev:false ResetNet:false HandleSegv:true WaitRepeat:false Debug:false Repro:true}): inotify_init-dup2-dup2-close-socket$inet_udp-setsockopt$inet_IP_XFRM_POLICY-sendto$inet
program crashed: UBSAN: Undefined behaviour in ./include/net/xfrm.h:LINE
testing compiled C program (duration=15s, {Threaded:false Collide:false Repeat:false Procs:1 Sandbox: Fault:false FaultCall:-1 FaultNth:0 EnableTun:false UseTmpDir:false EnableCgroups:false EnableNetdev:false ResetNet:false HandleSegv:true WaitRepeat:false Debug:false Repro:true}): inotify_init-dup2-dup2-close-socket$inet_udp-setsockopt$inet_IP_XFRM_POLICY-sendto$inet
program crashed: UBSAN: Undefined behaviour in ./include/net/xfrm.h:LINE
testing compiled C program (duration=15s, {Threaded:false Collide:false Repeat:false Procs:1 Sandbox: Fault:false FaultCall:-1 FaultNth:0 EnableTun:false UseTmpDir:false EnableCgroups:false EnableNetdev:false ResetNet:false HandleSegv:false WaitRepeat:false Debug:false Repro:true}): inotify_init-dup2-dup2-close-socket$inet_udp-setsockopt$inet_IP_XFRM_POLICY-sendto$inet
program crashed: UBSAN: Undefined behaviour in ./include/net/xfrm.h:LINE
reproducing took 7m58.04943404s
repro crashed as (corrupted=false):
================================================================================
UBSAN: Undefined behaviour in ./include/net/xfrm.h:894:23
shift exponent -128 is negative
CPU: 0 PID: 2709 Comm: syz-executor188 Not tainted 4.18.0-rc1 #2
Hardware name: QEMU Standard PC (i440FX + PIIX, 1996), BIOS rel-1.10.2-0-g5f4c7b1-prebuilt.qemu-project.org 04/01/2014
Call Trace:
 dump_stack+0x122/0x1c8
 ubsan_epilogue+0x12/0x86
 __ubsan_handle_shift_out_of_bounds+0x29a/0x2ff
 xfrm_selector_match+0xde9/0x11e0
 xfrm_sk_policy_lookup+0x179/0x460
 xfrm_lookup+0x20e/0x1be0
 xfrm_lookup_route+0x42/0x1f0
 ip_route_output_flow+0x86/0xc0
 udp_sendmsg+0x15c1/0x2180
 inet_sendmsg+0x103/0x490
 sock_sendmsg+0xf9/0x180
 __sys_sendto+0x239/0x3c0
 __x64_sys_sendto+0xef/0x1c0
 do_syscall_64+0xb8/0x3a0
 entry_SYSCALL_64_after_hwframe+0x49/0xbe
RIP: 0033:0x440139
Code: 18 89 d0 c3 66 2e 0f 1f 84 00 00 00 00 00 0f 1f 00 48 89 f8 48 89 f7 48 89 d6 48 89 ca 4d 89 c2 4d 89 c8 4c 8b 4c 24 08 0f 05 <48> 3d 01 f0 ff ff 0f 83 6b 45 00 00 c3 66 2e 0f 1f 84 00 00 00 00 
RSP: 002b:00007ffda9b02cd8 EFLAGS: 00000216 ORIG_RAX: 000000000000002c
RAX: ffffffffffffffda RBX: 00000000004002c8 RCX: 0000000000440139
RDX: 0000000000000000 RSI: 00000000200014c0 RDI: 0000000000000003
RBP: 00000000006ca018 R08: 0000000020001540 R09: 0000000000000010
R10: 0000000000000000 R11: 0000000000000216 R12: 0000000000401a60
R13: 0000000000401af0 R14: 0000000000000000 R15: 0000000000000000
================================================================================

final repro crashed as (corrupted=false):
================================================================================
UBSAN: Undefined behaviour in ./include/net/xfrm.h:894:23
shift exponent -128 is negative
CPU: 0 PID: 2709 Comm: syz-executor188 Not tainted 4.18.0-rc1 #2
Hardware name: QEMU Standard PC (i440FX + PIIX, 1996), BIOS rel-1.10.2-0-g5f4c7b1-prebuilt.qemu-project.org 04/01/2014
Call Trace:
 dump_stack+0x122/0x1c8
 ubsan_epilogue+0x12/0x86
 __ubsan_handle_shift_out_of_bounds+0x29a/0x2ff
 xfrm_selector_match+0xde9/0x11e0
 xfrm_sk_policy_lookup+0x179/0x460
 xfrm_lookup+0x20e/0x1be0
 xfrm_lookup_route+0x42/0x1f0
 ip_route_output_flow+0x86/0xc0
 udp_sendmsg+0x15c1/0x2180
 inet_sendmsg+0x103/0x490
 sock_sendmsg+0xf9/0x180
 __sys_sendto+0x239/0x3c0
 __x64_sys_sendto+0xef/0x1c0
 do_syscall_64+0xb8/0x3a0
 entry_SYSCALL_64_after_hwframe+0x49/0xbe
RIP: 0033:0x440139
Code: 18 89 d0 c3 66 2e 0f 1f 84 00 00 00 00 00 0f 1f 00 48 89 f8 48 89 f7 48 89 d6 48 89 ca 4d 89 c2 4d 89 c8 4c 8b 4c 24 08 0f 05 <48> 3d 01 f0 ff ff 0f 83 6b 45 00 00 c3 66 2e 0f 1f 84 00 00 00 00 
RSP: 002b:00007ffda9b02cd8 EFLAGS: 00000216 ORIG_RAX: 000000000000002c
RAX: ffffffffffffffda RBX: 00000000004002c8 RCX: 0000000000440139
RDX: 0000000000000000 RSI: 00000000200014c0 RDI: 0000000000000003
RBP: 00000000006ca018 R08: 0000000020001540 R09: 0000000000000010
R10: 0000000000000000 R11: 0000000000000216 R12: 0000000000401a60
R13: 0000000000401af0 R14: 0000000000000000 R15: 0000000000000000
================================================================================

