682 programs, 1 VMs
extracting reproducer from 682 programs
single: executing 2 programs separately with timeout 10s
testing program (duration=10s, {Threaded:true Collide:true Repeat:true Procs:2 Sandbox:none Fault:false FaultCall:-1 FaultNth:0 EnableTun:true UseTmpDir:true EnableCgroups:true EnableNetdev:true ResetNet:true HandleSegv:true WaitRepeat:true Debug:false Repro:true}): perf_event_open-request_key-add_key-accept4-syz_genetlink_get_family_id$team-accept4-clock_gettime-recvmmsg-getsockopt$inet6_IPV6_XFRM_POLICY-getsockname$packet-getsockopt$inet6_IPV6_XFRM_POLICY-ioctl$ifreq_SIOCGIFINDEX_team-getsockopt$inet_IP_XFRM_POLICY-getsockopt$inet_mreqn-getsockopt$inet_IP_XFRM_POLICY-recvmsg-ioctl$ifreq_SIOCGIFINDEX_team-ioctl$ifreq_SIOCGIFINDEX_team-getsockopt$inet_mreqn-sendmsg$TEAM_CMD_NOOP-socket$inet_icmp_raw
program did not crash
testing program (duration=10s, {Threaded:true Collide:true Repeat:true Procs:2 Sandbox:none Fault:false FaultCall:-1 FaultNth:0 EnableTun:true UseTmpDir:true EnableCgroups:true EnableNetdev:true ResetNet:true HandleSegv:true WaitRepeat:true Debug:false Repro:true}): perf_event_open-getpid-perf_event_open-add_key-dup3-getsockopt$inet_sctp_SCTP_GET_ASSOC_STATS-setsockopt$inet_sctp_SCTP_RESET_STREAMS-ioctl$TUNSETOFFLOAD-ioctl$TUNGETVNETHDRSZ-mlock2
program crashed: WARNING in set_precision
single: successfully extracted reproducer
found reproducer with 10 syscalls
minimizing guilty program
testing program (duration=15s, {Threaded:true Collide:true Repeat:true Procs:2 Sandbox:none Fault:false FaultCall:-1 FaultNth:0 EnableTun:true UseTmpDir:true EnableCgroups:true EnableNetdev:true ResetNet:true HandleSegv:true WaitRepeat:true Debug:false Repro:true}): perf_event_open-getpid-perf_event_open-add_key-dup3-getsockopt$inet_sctp_SCTP_GET_ASSOC_STATS-setsockopt$inet_sctp_SCTP_RESET_STREAMS-ioctl$TUNSETOFFLOAD-ioctl$TUNGETVNETHDRSZ
program crashed: WARNING in set_precision
testing program (duration=15s, {Threaded:true Collide:true Repeat:true Procs:2 Sandbox:none Fault:false FaultCall:-1 FaultNth:0 EnableTun:true UseTmpDir:true EnableCgroups:true EnableNetdev:true ResetNet:true HandleSegv:true WaitRepeat:true Debug:false Repro:true}): perf_event_open-getpid-perf_event_open-add_key-dup3-getsockopt$inet_sctp_SCTP_GET_ASSOC_STATS-setsockopt$inet_sctp_SCTP_RESET_STREAMS-ioctl$TUNSETOFFLOAD
program crashed: WARNING in set_precision
testing program (duration=15s, {Threaded:true Collide:true Repeat:true Procs:2 Sandbox:none Fault:false FaultCall:-1 FaultNth:0 EnableTun:true UseTmpDir:true EnableCgroups:true EnableNetdev:true ResetNet:true HandleSegv:true WaitRepeat:true Debug:false Repro:true}): perf_event_open-getpid-perf_event_open-add_key-dup3-getsockopt$inet_sctp_SCTP_GET_ASSOC_STATS-setsockopt$inet_sctp_SCTP_RESET_STREAMS
program crashed: WARNING in set_precision
testing program (duration=15s, {Threaded:true Collide:true Repeat:true Procs:2 Sandbox:none Fault:false FaultCall:-1 FaultNth:0 EnableTun:true UseTmpDir:true EnableCgroups:true EnableNetdev:true ResetNet:true HandleSegv:true WaitRepeat:true Debug:false Repro:true}): perf_event_open-getpid-perf_event_open-add_key-dup3-getsockopt$inet_sctp_SCTP_GET_ASSOC_STATS
program did not crash
testing program (duration=15s, {Threaded:true Collide:true Repeat:true Procs:2 Sandbox:none Fault:false FaultCall:-1 FaultNth:0 EnableTun:true UseTmpDir:true EnableCgroups:true EnableNetdev:true ResetNet:true HandleSegv:true WaitRepeat:true Debug:false Repro:true}): perf_event_open-getpid-perf_event_open-add_key-dup3-setsockopt$inet_sctp_SCTP_RESET_STREAMS
program crashed: WARNING in set_precision
testing program (duration=15s, {Threaded:true Collide:true Repeat:true Procs:2 Sandbox:none Fault:false FaultCall:-1 FaultNth:0 EnableTun:true UseTmpDir:true EnableCgroups:true EnableNetdev:true ResetNet:true HandleSegv:true WaitRepeat:true Debug:false Repro:true}): perf_event_open-getpid-perf_event_open-add_key-setsockopt$inet_sctp_SCTP_RESET_STREAMS
program crashed: WARNING in set_precision
testing program (duration=15s, {Threaded:true Collide:true Repeat:true Procs:2 Sandbox:none Fault:false FaultCall:-1 FaultNth:0 EnableTun:true UseTmpDir:true EnableCgroups:true EnableNetdev:true ResetNet:true HandleSegv:true WaitRepeat:true Debug:false Repro:true}): perf_event_open-getpid-perf_event_open-setsockopt$inet_sctp_SCTP_RESET_STREAMS
program did not crash
testing program (duration=15s, {Threaded:true Collide:true Repeat:true Procs:2 Sandbox:none Fault:false FaultCall:-1 FaultNth:0 EnableTun:true UseTmpDir:true EnableCgroups:true EnableNetdev:true ResetNet:true HandleSegv:true WaitRepeat:true Debug:false Repro:true}): perf_event_open-getpid-add_key-setsockopt$inet_sctp_SCTP_RESET_STREAMS
program crashed: WARNING in set_precision
testing program (duration=15s, {Threaded:true Collide:true Repeat:true Procs:2 Sandbox:none Fault:false FaultCall:-1 FaultNth:0 EnableTun:true UseTmpDir:true EnableCgroups:true EnableNetdev:true ResetNet:true HandleSegv:true WaitRepeat:true Debug:false Repro:true}): perf_event_open-add_key-setsockopt$inet_sctp_SCTP_RESET_STREAMS
program crashed: WARNING in set_precision
testing program (duration=15s, {Threaded:true Collide:true Repeat:true Procs:2 Sandbox:none Fault:false FaultCall:-1 FaultNth:0 EnableTun:true UseTmpDir:true EnableCgroups:true EnableNetdev:true ResetNet:true HandleSegv:true WaitRepeat:true Debug:false Repro:true}): add_key-setsockopt$inet_sctp_SCTP_RESET_STREAMS
program crashed: WARNING in set_precision
testing program (duration=15s, {Threaded:true Collide:true Repeat:true Procs:2 Sandbox:none Fault:false FaultCall:-1 FaultNth:0 EnableTun:true UseTmpDir:true EnableCgroups:true EnableNetdev:true ResetNet:true HandleSegv:true WaitRepeat:true Debug:false Repro:true}): add_key-setsockopt$inet_sctp_SCTP_RESET_STREAMS
program did not crash
extracting C reproducer
testing compiled C program (duration=15s, {Threaded:true Collide:true Repeat:true Procs:2 Sandbox:none Fault:false FaultCall:-1 FaultNth:0 EnableTun:true UseTmpDir:true EnableCgroups:true EnableNetdev:true ResetNet:true HandleSegv:true WaitRepeat:true Debug:false Repro:true}): add_key-setsockopt$inet_sctp_SCTP_RESET_STREAMS
program crashed: WARNING in set_precision
simplifying C reproducer
testing compiled C program (duration=15s, {Threaded:true Collide:false Repeat:true Procs:2 Sandbox:none Fault:false FaultCall:-1 FaultNth:0 EnableTun:true UseTmpDir:true EnableCgroups:true EnableNetdev:true ResetNet:true HandleSegv:true WaitRepeat:true Debug:false Repro:true}): add_key-setsockopt$inet_sctp_SCTP_RESET_STREAMS
program did not crash
testing compiled C program (duration=15s, {Threaded:true Collide:true Repeat:false Procs:1 Sandbox:none Fault:false FaultCall:-1 FaultNth:0 EnableTun:true UseTmpDir:true EnableCgroups:false EnableNetdev:true ResetNet:false HandleSegv:true WaitRepeat:false Debug:false Repro:true}): add_key-setsockopt$inet_sctp_SCTP_RESET_STREAMS
program crashed: WARNING in set_precision
testing compiled C program (duration=15s, {Threaded:true Collide:true Repeat:false Procs:1 Sandbox: Fault:false FaultCall:-1 FaultNth:0 EnableTun:false UseTmpDir:true EnableCgroups:false EnableNetdev:false ResetNet:false HandleSegv:true WaitRepeat:false Debug:false Repro:true}): add_key-setsockopt$inet_sctp_SCTP_RESET_STREAMS
program crashed: WARNING in set_precision
testing compiled C program (duration=15s, {Threaded:true Collide:true Repeat:false Procs:1 Sandbox: Fault:false FaultCall:-1 FaultNth:0 EnableTun:false UseTmpDir:false EnableCgroups:false EnableNetdev:false ResetNet:false HandleSegv:true WaitRepeat:false Debug:false Repro:true}): add_key-setsockopt$inet_sctp_SCTP_RESET_STREAMS
program crashed: WARNING in set_precision
testing compiled C program (duration=15s, {Threaded:true Collide:true Repeat:false Procs:1 Sandbox: Fault:false FaultCall:-1 FaultNth:0 EnableTun:false UseTmpDir:false EnableCgroups:false EnableNetdev:false ResetNet:false HandleSegv:false WaitRepeat:false Debug:false Repro:true}): add_key-setsockopt$inet_sctp_SCTP_RESET_STREAMS
program crashed: WARNING in set_precision
reproducing took 9m0.19676319s
repro crashed as (corrupted=false):
------------[ cut here ]------------
precision 64439 too large
WARNING: CPU: 0 PID: 2711 at lib/vsprintf.c:2164 set_precision+0x15c/0x1c0
Kernel panic - not syncing: panic_on_warn set ...

CPU: 0 PID: 2711 Comm: syz-executor088 Not tainted 4.18.0-rc1 #2
Hardware name: QEMU Standard PC (i440FX + PIIX, 1996), BIOS rel-1.10.2-0-g5f4c7b1-prebuilt.qemu-project.org 04/01/2014
Call Trace:
 dump_stack+0x122/0x1c8
 panic+0x230/0x4df
 __warn+0x1e8/0x240
 report_bug+0x223/0x310
 fixup_bug.part.5+0x41/0xa0
 do_error_trap+0x6f/0xd0
 do_invalid_op+0x20/0x30
 invalid_op+0x14/0x20
RIP: 0010:set_precision+0x15c/0x1c0
Code: 6f 88 43 06 0f b6 c4 88 43 07 e9 4f ff ff ff e8 5a dd 75 fd 44 89 e6 48 c7 c7 60 de 6a 84 c6 05 2e 1c a5 03 01 e8 a4 5e 45 fd <0f> 0b e9 61 ff ff ff e8 38 dd 75 fd 41 0f b6 f6 48 c7 c7 20 0a 75 
RSP: 0018:ffff880067e2f888 EFLAGS: 00010082
RAX: 0000000000000000 RBX: ffff880067e2f928 RCX: ffffffff81577156
RDX: 0000000000000001 RSI: 0000000000000008 RDI: ffff88006c8206c8
RBP: ffff880067e2f8b0 R08: ffffed000d9040da R09: ffffed000d9040da
R10: 0000000000000002 R11: ffffed000d9040d9 R12: 000000000000fbb7
R13: ffff880067e2f92f R14: 0000000000000000 R15: ffff880067e2f928
 vsnprintf+0x551/0x22c0
 vscnprintf+0x2d/0x60
 vprintk_emit+0x10e/0x800
 vprintk_default+0x2d/0x40
 vprintk_func+0x5c/0xd0
 printk+0xbe/0xf2
 dns_resolver_preparse+0x48f/0x940
 key_create_or_update+0x3a4/0xc10
 __x64_sys_add_key+0x2b0/0x4c0
 do_syscall_64+0xb8/0x3a0
 entry_SYSCALL_64_after_hwframe+0x49/0xbe
RIP: 0033:0x445579
Code: e8 4c b6 02 00 48 83 c4 18 c3 0f 1f 80 00 00 00 00 48 89 f8 48 89 f7 48 89 d6 48 89 ca 4d 89 c2 4d 89 c8 4c 8b 4c 24 08 0f 05 <48> 3d 01 f0 ff ff 0f 83 eb 51 00 00 c3 66 2e 0f 1f 84 00 00 00 00 
RSP: 002b:00007fa90313bda8 EFLAGS: 00000246 ORIG_RAX: 00000000000000f8
RAX: ffffffffffffffda RBX: 00000000006dac24 RCX: 0000000000445579
RDX: 0000000020000240 RSI: 0000000020000080 RDI: 0000000020000140
RBP: 0000000000000000 R08: 00000000ffffffff R09: 0000000000000000
R10: 000000000000fda3 R11: 0000000000000246 R12: 00000000006dac20
R13: 6f7365725f736e64 R14: 00007fa90313c9c0 R15: 0000000000000002
Dumping ftrace buffer:
   (ftrace buffer empty)
Kernel Offset: disabled

final repro crashed as (corrupted=false):
------------[ cut here ]------------
precision 64439 too large
WARNING: CPU: 0 PID: 2711 at lib/vsprintf.c:2164 set_precision+0x15c/0x1c0
Kernel panic - not syncing: panic_on_warn set ...

CPU: 0 PID: 2711 Comm: syz-executor088 Not tainted 4.18.0-rc1 #2
Hardware name: QEMU Standard PC (i440FX + PIIX, 1996), BIOS rel-1.10.2-0-g5f4c7b1-prebuilt.qemu-project.org 04/01/2014
Call Trace:
 dump_stack+0x122/0x1c8
 panic+0x230/0x4df
 __warn+0x1e8/0x240
 report_bug+0x223/0x310
 fixup_bug.part.5+0x41/0xa0
 do_error_trap+0x6f/0xd0
 do_invalid_op+0x20/0x30
 invalid_op+0x14/0x20
RIP: 0010:set_precision+0x15c/0x1c0
Code: 6f 88 43 06 0f b6 c4 88 43 07 e9 4f ff ff ff e8 5a dd 75 fd 44 89 e6 48 c7 c7 60 de 6a 84 c6 05 2e 1c a5 03 01 e8 a4 5e 45 fd <0f> 0b e9 61 ff ff ff e8 38 dd 75 fd 41 0f b6 f6 48 c7 c7 20 0a 75 
RSP: 0018:ffff880067e2f888 EFLAGS: 00010082
RAX: 0000000000000000 RBX: ffff880067e2f928 RCX: ffffffff81577156
RDX: 0000000000000001 RSI: 0000000000000008 RDI: ffff88006c8206c8
RBP: ffff880067e2f8b0 R08: ffffed000d9040da R09: ffffed000d9040da
R10: 0000000000000002 R11: ffffed000d9040d9 R12: 000000000000fbb7
R13: ffff880067e2f92f R14: 0000000000000000 R15: ffff880067e2f928
 vsnprintf+0x551/0x22c0
 vscnprintf+0x2d/0x60
 vprintk_emit+0x10e/0x800
 vprintk_default+0x2d/0x40
 vprintk_func+0x5c/0xd0
 printk+0xbe/0xf2
 dns_resolver_preparse+0x48f/0x940
 key_create_or_update+0x3a4/0xc10
 __x64_sys_add_key+0x2b0/0x4c0
 do_syscall_64+0xb8/0x3a0
 entry_SYSCALL_64_after_hwframe+0x49/0xbe
RIP: 0033:0x445579
Code: e8 4c b6 02 00 48 83 c4 18 c3 0f 1f 80 00 00 00 00 48 89 f8 48 89 f7 48 89 d6 48 89 ca 4d 89 c2 4d 89 c8 4c 8b 4c 24 08 0f 05 <48> 3d 01 f0 ff ff 0f 83 eb 51 00 00 c3 66 2e 0f 1f 84 00 00 00 00 
RSP: 002b:00007fa90313bda8 EFLAGS: 00000246 ORIG_RAX: 00000000000000f8
RAX: ffffffffffffffda RBX: 00000000006dac24 RCX: 0000000000445579
RDX: 0000000020000240 RSI: 0000000020000080 RDI: 0000000020000140
RBP: 0000000000000000 R08: 00000000ffffffff R09: 0000000000000000
R10: 000000000000fda3 R11: 0000000000000246 R12: 00000000006dac20
R13: 6f7365725f736e64 R14: 00007fa90313c9c0 R15: 0000000000000002
Dumping ftrace buffer:
   (ftrace buffer empty)
Kernel Offset: disabled

