568 programs, 1 VMs
extracting reproducer from 516 programs
single: executing 2 programs separately with timeout 10s
testing program (duration=10s, {Threaded:true Collide:true Repeat:true Procs:2 Sandbox:none Fault:false FaultCall:-1 FaultNth:0 EnableTun:true UseTmpDir:true EnableCgroups:true EnableNetdev:true ResetNet:true HandleSegv:true WaitRepeat:true Debug:false Repro:true}): socket$inet6_udp-pwritev-fstatfs-perf_event_open-setsockopt$inet6_int
program did not crash
testing program (duration=10s, {Threaded:true Collide:true Repeat:true Procs:2 Sandbox:none Fault:false FaultCall:-1 FaultNth:0 EnableTun:true UseTmpDir:true EnableCgroups:true EnableNetdev:true ResetNet:true HandleSegv:true WaitRepeat:true Debug:false Repro:true}): perf_event_open-socket$inet_icmp_raw-ioctl$sock_inet_SIOCDELRT-setsockopt$IP_VS_SO_SET_ADD-init_module-setsockopt$sock_int-syz_open_dev$usbmon-setsockopt$inet_sctp_SCTP_SOCKOPT_CONNECTX-ioctl$TIOCGSID-readahead-sched_setscheduler
program crashed: UBSAN: Undefined behaviour in net/core/sock.c:LINE
single: successfully extracted reproducer
found reproducer with 11 syscalls
minimizing guilty program
testing program (duration=15s, {Threaded:true Collide:true Repeat:true Procs:2 Sandbox:none Fault:false FaultCall:-1 FaultNth:0 EnableTun:true UseTmpDir:true EnableCgroups:true EnableNetdev:true ResetNet:true HandleSegv:true WaitRepeat:true Debug:false Repro:true}): perf_event_open-socket$inet_icmp_raw-ioctl$sock_inet_SIOCDELRT-setsockopt$IP_VS_SO_SET_ADD-init_module-setsockopt$sock_int-syz_open_dev$usbmon-setsockopt$inet_sctp_SCTP_SOCKOPT_CONNECTX-ioctl$TIOCGSID-readahead
program crashed: UBSAN: Undefined behaviour in net/core/sock.c:LINE
testing program (duration=15s, {Threaded:true Collide:true Repeat:true Procs:2 Sandbox:none Fault:false FaultCall:-1 FaultNth:0 EnableTun:true UseTmpDir:true EnableCgroups:true EnableNetdev:true ResetNet:true HandleSegv:true WaitRepeat:true Debug:false Repro:true}): perf_event_open-socket$inet_icmp_raw-ioctl$sock_inet_SIOCDELRT-setsockopt$IP_VS_SO_SET_ADD-init_module-setsockopt$sock_int-syz_open_dev$usbmon-setsockopt$inet_sctp_SCTP_SOCKOPT_CONNECTX-ioctl$TIOCGSID
program crashed: UBSAN: Undefined behaviour in net/core/sock.c:LINE
testing program (duration=15s, {Threaded:true Collide:true Repeat:true Procs:2 Sandbox:none Fault:false FaultCall:-1 FaultNth:0 EnableTun:true UseTmpDir:true EnableCgroups:true EnableNetdev:true ResetNet:true HandleSegv:true WaitRepeat:true Debug:false Repro:true}): perf_event_open-socket$inet_icmp_raw-ioctl$sock_inet_SIOCDELRT-setsockopt$IP_VS_SO_SET_ADD-init_module-setsockopt$sock_int-syz_open_dev$usbmon-setsockopt$inet_sctp_SCTP_SOCKOPT_CONNECTX
program crashed: UBSAN: Undefined behaviour in net/core/sock.c:LINE
testing program (duration=15s, {Threaded:true Collide:true Repeat:true Procs:2 Sandbox:none Fault:false FaultCall:-1 FaultNth:0 EnableTun:true UseTmpDir:true EnableCgroups:true EnableNetdev:true ResetNet:true HandleSegv:true WaitRepeat:true Debug:false Repro:true}): perf_event_open-socket$inet_icmp_raw-ioctl$sock_inet_SIOCDELRT-setsockopt$IP_VS_SO_SET_ADD-init_module-setsockopt$sock_int-syz_open_dev$usbmon
program crashed: UBSAN: Undefined behaviour in net/core/sock.c:LINE
testing program (duration=15s, {Threaded:true Collide:true Repeat:true Procs:2 Sandbox:none Fault:false FaultCall:-1 FaultNth:0 EnableTun:true UseTmpDir:true EnableCgroups:true EnableNetdev:true ResetNet:true HandleSegv:true WaitRepeat:true Debug:false Repro:true}): perf_event_open-socket$inet_icmp_raw-ioctl$sock_inet_SIOCDELRT-setsockopt$IP_VS_SO_SET_ADD-init_module-setsockopt$sock_int
program crashed: UBSAN: Undefined behaviour in net/core/sock.c:LINE
testing program (duration=15s, {Threaded:true Collide:true Repeat:true Procs:2 Sandbox:none Fault:false FaultCall:-1 FaultNth:0 EnableTun:true UseTmpDir:true EnableCgroups:true EnableNetdev:true ResetNet:true HandleSegv:true WaitRepeat:true Debug:false Repro:true}): perf_event_open-socket$inet_icmp_raw-ioctl$sock_inet_SIOCDELRT-setsockopt$IP_VS_SO_SET_ADD-init_module
program did not crash
testing program (duration=15s, {Threaded:true Collide:true Repeat:true Procs:2 Sandbox:none Fault:false FaultCall:-1 FaultNth:0 EnableTun:true UseTmpDir:true EnableCgroups:true EnableNetdev:true ResetNet:true HandleSegv:true WaitRepeat:true Debug:false Repro:true}): perf_event_open-socket$inet_icmp_raw-ioctl$sock_inet_SIOCDELRT-setsockopt$IP_VS_SO_SET_ADD-setsockopt$sock_int
program crashed: UBSAN: Undefined behaviour in net/core/sock.c:LINE
testing program (duration=15s, {Threaded:true Collide:true Repeat:true Procs:2 Sandbox:none Fault:false FaultCall:-1 FaultNth:0 EnableTun:true UseTmpDir:true EnableCgroups:true EnableNetdev:true ResetNet:true HandleSegv:true WaitRepeat:true Debug:false Repro:true}): perf_event_open-socket$inet_icmp_raw-ioctl$sock_inet_SIOCDELRT-setsockopt$sock_int
program crashed: UBSAN: Undefined behaviour in net/core/sock.c:LINE
testing program (duration=15s, {Threaded:true Collide:true Repeat:true Procs:2 Sandbox:none Fault:false FaultCall:-1 FaultNth:0 EnableTun:true UseTmpDir:true EnableCgroups:true EnableNetdev:true ResetNet:true HandleSegv:true WaitRepeat:true Debug:false Repro:true}): perf_event_open-socket$inet_icmp_raw-setsockopt$sock_int
program crashed: UBSAN: Undefined behaviour in net/core/sock.c:LINE
testing program (duration=15s, {Threaded:true Collide:true Repeat:true Procs:2 Sandbox:none Fault:false FaultCall:-1 FaultNth:0 EnableTun:true UseTmpDir:true EnableCgroups:true EnableNetdev:true ResetNet:true HandleSegv:true WaitRepeat:true Debug:false Repro:true}): perf_event_open-setsockopt$sock_int
program did not crash
testing program (duration=15s, {Threaded:true Collide:true Repeat:true Procs:2 Sandbox:none Fault:false FaultCall:-1 FaultNth:0 EnableTun:true UseTmpDir:true EnableCgroups:true EnableNetdev:true ResetNet:true HandleSegv:true WaitRepeat:true Debug:false Repro:true}): socket$inet_icmp_raw-setsockopt$sock_int
program crashed: UBSAN: Undefined behaviour in net/core/sock.c:LINE
extracting C reproducer
testing compiled C program (duration=15s, {Threaded:true Collide:true Repeat:true Procs:2 Sandbox:none Fault:false FaultCall:-1 FaultNth:0 EnableTun:true UseTmpDir:true EnableCgroups:true EnableNetdev:true ResetNet:true HandleSegv:true WaitRepeat:true Debug:false Repro:true}): socket$inet_icmp_raw-setsockopt$sock_int
program crashed: UBSAN: Undefined behaviour in net/core/sock.c:LINE
simplifying C reproducer
testing compiled C program (duration=15s, {Threaded:true Collide:false Repeat:true Procs:2 Sandbox:none Fault:false FaultCall:-1 FaultNth:0 EnableTun:true UseTmpDir:true EnableCgroups:true EnableNetdev:true ResetNet:true HandleSegv:true WaitRepeat:true Debug:false Repro:true}): socket$inet_icmp_raw-setsockopt$sock_int
program crashed: UBSAN: Undefined behaviour in net/core/sock.c:LINE
testing compiled C program (duration=15s, {Threaded:false Collide:false Repeat:true Procs:2 Sandbox:none Fault:false FaultCall:-1 FaultNth:0 EnableTun:true UseTmpDir:true EnableCgroups:true EnableNetdev:true ResetNet:true HandleSegv:true WaitRepeat:true Debug:false Repro:true}): socket$inet_icmp_raw-setsockopt$sock_int
program crashed: UBSAN: Undefined behaviour in net/core/sock.c:LINE
testing compiled C program (duration=15s, {Threaded:false Collide:false Repeat:false Procs:1 Sandbox:none Fault:false FaultCall:-1 FaultNth:0 EnableTun:true UseTmpDir:true EnableCgroups:false EnableNetdev:true ResetNet:false HandleSegv:true WaitRepeat:false Debug:false Repro:true}): socket$inet_icmp_raw-setsockopt$sock_int
program crashed: UBSAN: Undefined behaviour in net/core/sock.c:LINE
testing compiled C program (duration=15s, {Threaded:false Collide:false Repeat:false Procs:1 Sandbox: Fault:false FaultCall:-1 FaultNth:0 EnableTun:false UseTmpDir:true EnableCgroups:false EnableNetdev:false ResetNet:false HandleSegv:true WaitRepeat:false Debug:false Repro:true}): socket$inet_icmp_raw-setsockopt$sock_int
program crashed: UBSAN: Undefined behaviour in net/core/sock.c:LINE
testing compiled C program (duration=15s, {Threaded:false Collide:false Repeat:false Procs:1 Sandbox: Fault:false FaultCall:-1 FaultNth:0 EnableTun:false UseTmpDir:false EnableCgroups:false EnableNetdev:false ResetNet:false HandleSegv:true WaitRepeat:false Debug:false Repro:true}): socket$inet_icmp_raw-setsockopt$sock_int
program crashed: UBSAN: Undefined behaviour in net/core/sock.c:LINE
testing compiled C program (duration=15s, {Threaded:false Collide:false Repeat:false Procs:1 Sandbox: Fault:false FaultCall:-1 FaultNth:0 EnableTun:false UseTmpDir:false EnableCgroups:false EnableNetdev:false ResetNet:false HandleSegv:false WaitRepeat:false Debug:false Repro:true}): socket$inet_icmp_raw-setsockopt$sock_int
program crashed: UBSAN: Undefined behaviour in net/core/sock.c:LINE
reproducing took 9m37.735792798s
repro crashed as (corrupted=false):
================================================================================
UBSAN: Undefined behaviour in net/core/sock.c:793:19
signed integer overflow:
-1704733899 * 2 cannot be represented in type 'int'
CPU: 0 PID: 2705 Comm: syz-executor799 Not tainted 4.18.0-rc1 #2
Hardware name: QEMU Standard PC (i440FX + PIIX, 1996), BIOS rel-1.10.2-0-g5f4c7b1-prebuilt.qemu-project.org 04/01/2014
Call Trace:
 dump_stack+0x122/0x1c8
 ubsan_epilogue+0x12/0x86
 handle_overflow+0x1c2/0x21f
 __ubsan_handle_mul_overflow+0x2a/0x38
 sock_setsockopt+0x17f1/0x1c80
 __sys_setsockopt+0x23f/0x2a0
 __x64_sys_setsockopt+0xcc/0x170
 do_syscall_64+0xb8/0x3a0
 entry_SYSCALL_64_after_hwframe+0x49/0xbe
RIP: 0033:0x43fcb9
Code: 18 89 d0 c3 66 2e 0f 1f 84 00 00 00 00 00 0f 1f 00 48 89 f8 48 89 f7 48 89 d6 48 89 ca 4d 89 c2 4d 89 c8 4c 8b 4c 24 08 0f 05 <48> 3d 01 f0 ff ff 0f 83 6b 45 00 00 c3 66 2e 0f 1f 84 00 00 00 00 
RSP: 002b:00007ffdfac74bf8 EFLAGS: 00000213 ORIG_RAX: 0000000000000036
RAX: ffffffffffffffda RBX: 00000000004002c8 RCX: 000000000043fcb9
RDX: 0000000000000021 RSI: 0000000000000001 RDI: 0000000000000003
RBP: 00000000006ca018 R08: 0000000000000004 R09: 00000000004002c8
R10: 0000000020000000 R11: 0000000000000213 R12: 00000000004015e0
R13: 0000000000401670 R14: 0000000000000000 R15: 0000000000000000
================================================================================

final repro crashed as (corrupted=false):
================================================================================
UBSAN: Undefined behaviour in net/core/sock.c:793:19
signed integer overflow:
-1704733899 * 2 cannot be represented in type 'int'
CPU: 0 PID: 2705 Comm: syz-executor799 Not tainted 4.18.0-rc1 #2
Hardware name: QEMU Standard PC (i440FX + PIIX, 1996), BIOS rel-1.10.2-0-g5f4c7b1-prebuilt.qemu-project.org 04/01/2014
Call Trace:
 dump_stack+0x122/0x1c8
 ubsan_epilogue+0x12/0x86
 handle_overflow+0x1c2/0x21f
 __ubsan_handle_mul_overflow+0x2a/0x38
 sock_setsockopt+0x17f1/0x1c80
 __sys_setsockopt+0x23f/0x2a0
 __x64_sys_setsockopt+0xcc/0x170
 do_syscall_64+0xb8/0x3a0
 entry_SYSCALL_64_after_hwframe+0x49/0xbe
RIP: 0033:0x43fcb9
Code: 18 89 d0 c3 66 2e 0f 1f 84 00 00 00 00 00 0f 1f 00 48 89 f8 48 89 f7 48 89 d6 48 89 ca 4d 89 c2 4d 89 c8 4c 8b 4c 24 08 0f 05 <48> 3d 01 f0 ff ff 0f 83 6b 45 00 00 c3 66 2e 0f 1f 84 00 00 00 00 
RSP: 002b:00007ffdfac74bf8 EFLAGS: 00000213 ORIG_RAX: 0000000000000036
RAX: ffffffffffffffda RBX: 00000000004002c8 RCX: 000000000043fcb9
RDX: 0000000000000021 RSI: 0000000000000001 RDI: 0000000000000003
RBP: 00000000006ca018 R08: 0000000000000004 R09: 00000000004002c8
R10: 0000000020000000 R11: 0000000000000213 R12: 00000000004015e0
R13: 0000000000401670 R14: 0000000000000000 R15: 0000000000000000
================================================================================

