124 programs, 1 VMs
extracting reproducer from 50 programs
single: executing 2 programs separately with timeout 10s
testing program (duration=10s, {Threaded:true Collide:true Repeat:true Procs:2 Sandbox:none Fault:false FaultCall:-1 FaultNth:0 EnableTun:true UseTmpDir:true EnableCgroups:true EnableNetdev:true ResetNet:true HandleSegv:true WaitRepeat:true Debug:false Repro:true}): getsockopt$inet_IP_XFRM_POLICY-pipe2-ioctl$LOOP_SET_CAPACITY-ioprio_set$uid-syz_open_dev$CDROM_DEV_LINK-ioctl$CDROM_SELECT_DISK-ioctl$CDROM_SELECT_DISK-setsockopt$inet6_tcp_int
program crashed: UBSAN: Undefined behaviour in drivers/scsi/sr_ioctl.c:LINE
single: successfully extracted reproducer
found reproducer with 8 syscalls
minimizing guilty program
testing program (duration=15s, {Threaded:true Collide:true Repeat:true Procs:2 Sandbox:none Fault:false FaultCall:-1 FaultNth:0 EnableTun:true UseTmpDir:true EnableCgroups:true EnableNetdev:true ResetNet:true HandleSegv:true WaitRepeat:true Debug:false Repro:true}): getsockopt$inet_IP_XFRM_POLICY-pipe2-ioctl$LOOP_SET_CAPACITY-ioprio_set$uid-syz_open_dev$CDROM_DEV_LINK-ioctl$CDROM_SELECT_DISK-ioctl$CDROM_SELECT_DISK
program crashed: UBSAN: Undefined behaviour in drivers/scsi/sr_ioctl.c:LINE
testing program (duration=15s, {Threaded:true Collide:true Repeat:true Procs:2 Sandbox:none Fault:false FaultCall:-1 FaultNth:0 EnableTun:true UseTmpDir:true EnableCgroups:true EnableNetdev:true ResetNet:true HandleSegv:true WaitRepeat:true Debug:false Repro:true}): getsockopt$inet_IP_XFRM_POLICY-pipe2-ioctl$LOOP_SET_CAPACITY-ioprio_set$uid-syz_open_dev$CDROM_DEV_LINK-ioctl$CDROM_SELECT_DISK
program did not crash
testing program (duration=15s, {Threaded:true Collide:true Repeat:true Procs:2 Sandbox:none Fault:false FaultCall:-1 FaultNth:0 EnableTun:true UseTmpDir:true EnableCgroups:true EnableNetdev:true ResetNet:true HandleSegv:true WaitRepeat:true Debug:false Repro:true}): getsockopt$inet_IP_XFRM_POLICY-pipe2-ioctl$LOOP_SET_CAPACITY-ioprio_set$uid-syz_open_dev$CDROM_DEV_LINK-ioctl$CDROM_SELECT_DISK
program crashed: UBSAN: Undefined behaviour in drivers/scsi/sr_ioctl.c:LINE
testing program (duration=15s, {Threaded:true Collide:true Repeat:true Procs:2 Sandbox:none Fault:false FaultCall:-1 FaultNth:0 EnableTun:true UseTmpDir:true EnableCgroups:true EnableNetdev:true ResetNet:true HandleSegv:true WaitRepeat:true Debug:false Repro:true}): getsockopt$inet_IP_XFRM_POLICY-pipe2-ioctl$LOOP_SET_CAPACITY-ioprio_set$uid-ioctl$CDROM_SELECT_DISK
program did not crash
testing program (duration=15s, {Threaded:true Collide:true Repeat:true Procs:2 Sandbox:none Fault:false FaultCall:-1 FaultNth:0 EnableTun:true UseTmpDir:true EnableCgroups:true EnableNetdev:true ResetNet:true HandleSegv:true WaitRepeat:true Debug:false Repro:true}): getsockopt$inet_IP_XFRM_POLICY-pipe2-ioctl$LOOP_SET_CAPACITY-syz_open_dev$CDROM_DEV_LINK-ioctl$CDROM_SELECT_DISK
program crashed: UBSAN: Undefined behaviour in drivers/scsi/sr_ioctl.c:LINE
testing program (duration=15s, {Threaded:true Collide:true Repeat:true Procs:2 Sandbox:none Fault:false FaultCall:-1 FaultNth:0 EnableTun:true UseTmpDir:true EnableCgroups:true EnableNetdev:true ResetNet:true HandleSegv:true WaitRepeat:true Debug:false Repro:true}): getsockopt$inet_IP_XFRM_POLICY-pipe2-syz_open_dev$CDROM_DEV_LINK-ioctl$CDROM_SELECT_DISK
program crashed: UBSAN: Undefined behaviour in drivers/scsi/sr_ioctl.c:LINE
testing program (duration=15s, {Threaded:true Collide:true Repeat:true Procs:2 Sandbox:none Fault:false FaultCall:-1 FaultNth:0 EnableTun:true UseTmpDir:true EnableCgroups:true EnableNetdev:true ResetNet:true HandleSegv:true WaitRepeat:true Debug:false Repro:true}): getsockopt$inet_IP_XFRM_POLICY-syz_open_dev$CDROM_DEV_LINK-ioctl$CDROM_SELECT_DISK
program crashed: UBSAN: Undefined behaviour in drivers/scsi/sr_ioctl.c:LINE
testing program (duration=15s, {Threaded:true Collide:true Repeat:true Procs:2 Sandbox:none Fault:false FaultCall:-1 FaultNth:0 EnableTun:true UseTmpDir:true EnableCgroups:true EnableNetdev:true ResetNet:true HandleSegv:true WaitRepeat:true Debug:false Repro:true}): syz_open_dev$CDROM_DEV_LINK-ioctl$CDROM_SELECT_DISK
program crashed: UBSAN: Undefined behaviour in drivers/scsi/sr_ioctl.c:LINE
extracting C reproducer
testing compiled C program (duration=15s, {Threaded:true Collide:true Repeat:true Procs:2 Sandbox:none Fault:false FaultCall:-1 FaultNth:0 EnableTun:true UseTmpDir:true EnableCgroups:true EnableNetdev:true ResetNet:true HandleSegv:true WaitRepeat:true Debug:false Repro:true}): syz_open_dev$CDROM_DEV_LINK-ioctl$CDROM_SELECT_DISK
program crashed: UBSAN: Undefined behaviour in drivers/scsi/sr_ioctl.c:LINE
simplifying C reproducer
testing compiled C program (duration=15s, {Threaded:true Collide:false Repeat:true Procs:2 Sandbox:none Fault:false FaultCall:-1 FaultNth:0 EnableTun:true UseTmpDir:true EnableCgroups:true EnableNetdev:true ResetNet:true HandleSegv:true WaitRepeat:true Debug:false Repro:true}): syz_open_dev$CDROM_DEV_LINK-ioctl$CDROM_SELECT_DISK
program crashed: UBSAN: Undefined behaviour in drivers/scsi/sr_ioctl.c:LINE
testing compiled C program (duration=15s, {Threaded:false Collide:false Repeat:true Procs:2 Sandbox:none Fault:false FaultCall:-1 FaultNth:0 EnableTun:true UseTmpDir:true EnableCgroups:true EnableNetdev:true ResetNet:true HandleSegv:true WaitRepeat:true Debug:false Repro:true}): syz_open_dev$CDROM_DEV_LINK-ioctl$CDROM_SELECT_DISK
program crashed: UBSAN: Undefined behaviour in drivers/scsi/sr_ioctl.c:LINE
testing compiled C program (duration=15s, {Threaded:false Collide:false Repeat:false Procs:1 Sandbox:none Fault:false FaultCall:-1 FaultNth:0 EnableTun:true UseTmpDir:true EnableCgroups:false EnableNetdev:true ResetNet:false HandleSegv:true WaitRepeat:false Debug:false Repro:true}): syz_open_dev$CDROM_DEV_LINK-ioctl$CDROM_SELECT_DISK
program crashed: UBSAN: Undefined behaviour in drivers/scsi/sr_ioctl.c:LINE
testing compiled C program (duration=15s, {Threaded:false Collide:false Repeat:false Procs:1 Sandbox: Fault:false FaultCall:-1 FaultNth:0 EnableTun:false UseTmpDir:true EnableCgroups:false EnableNetdev:false ResetNet:false HandleSegv:true WaitRepeat:false Debug:false Repro:true}): syz_open_dev$CDROM_DEV_LINK-ioctl$CDROM_SELECT_DISK
program crashed: UBSAN: Undefined behaviour in drivers/scsi/sr_ioctl.c:LINE
testing compiled C program (duration=15s, {Threaded:false Collide:false Repeat:false Procs:1 Sandbox: Fault:false FaultCall:-1 FaultNth:0 EnableTun:false UseTmpDir:false EnableCgroups:false EnableNetdev:false ResetNet:false HandleSegv:true WaitRepeat:false Debug:false Repro:true}): syz_open_dev$CDROM_DEV_LINK-ioctl$CDROM_SELECT_DISK
program crashed: UBSAN: Undefined behaviour in drivers/scsi/sr_ioctl.c:LINE
testing compiled C program (duration=15s, {Threaded:false Collide:false Repeat:false Procs:1 Sandbox: Fault:false FaultCall:-1 FaultNth:0 EnableTun:false UseTmpDir:false EnableCgroups:false EnableNetdev:false ResetNet:false HandleSegv:false WaitRepeat:false Debug:false Repro:true}): syz_open_dev$CDROM_DEV_LINK-ioctl$CDROM_SELECT_DISK
program crashed: UBSAN: Undefined behaviour in drivers/scsi/sr_ioctl.c:LINE
reproducing took 7m32.420077229s
repro crashed as (corrupted=false):
================================================================================
UBSAN: Undefined behaviour in drivers/scsi/sr_ioctl.c:428:9
signed integer overflow:
810238275 * 177 cannot be represented in type 'int'
CPU: 0 PID: 2710 Comm: syz-executor528 Not tainted 4.18.0-rc1 #2
Hardware name: QEMU Standard PC (i440FX + PIIX, 1996), BIOS rel-1.10.2-0-g5f4c7b1-prebuilt.qemu-project.org 04/01/2014
Call Trace:
 dump_stack+0x122/0x1c8
 ubsan_epilogue+0x12/0x86
 handle_overflow+0x1c2/0x21f
 __ubsan_handle_mul_overflow+0x2a/0x38
 sr_select_speed+0x184/0x1b0
 cdrom_ioctl+0x517/0x340e
 sr_block_ioctl+0x10e/0x1b0
 blkdev_ioctl+0xb03/0x1fc0
 block_ioctl+0xf5/0x160
 do_vfs_ioctl+0x1e8/0x1340
 ksys_ioctl+0x9c/0xb0
 __x64_sys_ioctl+0x81/0xd0
 do_syscall_64+0xb8/0x3a0
 entry_SYSCALL_64_after_hwframe+0x49/0xbe
RIP: 0033:0x443d39
Code: 18 89 d0 c3 66 2e 0f 1f 84 00 00 00 00 00 0f 1f 00 48 89 f8 48 89 f7 48 89 d6 48 89 ca 4d 89 c2 4d 89 c8 4c 8b 4c 24 08 0f 05 <48> 3d 01 f0 ff ff 0f 83 1b d8 fb ff c3 66 2e 0f 1f 84 00 00 00 00 
RSP: 002b:00007ffe8d072648 EFLAGS: 00000213 ORIG_RAX: 0000000000000010
RAX: ffffffffffffffda RBX: 00000000004002e0 RCX: 0000000000443d39
RDX: 00000000304b4143 RSI: 0000000000005322 RDI: 0000000000000003
RBP: 00000000006ce018 R08: 00000000004002e0 R09: 00000000004002e0
R10: 000000000000ffff R11: 0000000000000213 R12: 00000000004019e0
R13: 0000000000401a70 R14: 0000000000000000 R15: 0000000000000000
================================================================================

final repro crashed as (corrupted=false):
================================================================================
UBSAN: Undefined behaviour in drivers/scsi/sr_ioctl.c:428:9
signed integer overflow:
810238275 * 177 cannot be represented in type 'int'
CPU: 0 PID: 2710 Comm: syz-executor528 Not tainted 4.18.0-rc1 #2
Hardware name: QEMU Standard PC (i440FX + PIIX, 1996), BIOS rel-1.10.2-0-g5f4c7b1-prebuilt.qemu-project.org 04/01/2014
Call Trace:
 dump_stack+0x122/0x1c8
 ubsan_epilogue+0x12/0x86
 handle_overflow+0x1c2/0x21f
 __ubsan_handle_mul_overflow+0x2a/0x38
 sr_select_speed+0x184/0x1b0
 cdrom_ioctl+0x517/0x340e
 sr_block_ioctl+0x10e/0x1b0
 blkdev_ioctl+0xb03/0x1fc0
 block_ioctl+0xf5/0x160
 do_vfs_ioctl+0x1e8/0x1340
 ksys_ioctl+0x9c/0xb0
 __x64_sys_ioctl+0x81/0xd0
 do_syscall_64+0xb8/0x3a0
 entry_SYSCALL_64_after_hwframe+0x49/0xbe
RIP: 0033:0x443d39
Code: 18 89 d0 c3 66 2e 0f 1f 84 00 00 00 00 00 0f 1f 00 48 89 f8 48 89 f7 48 89 d6 48 89 ca 4d 89 c2 4d 89 c8 4c 8b 4c 24 08 0f 05 <48> 3d 01 f0 ff ff 0f 83 1b d8 fb ff c3 66 2e 0f 1f 84 00 00 00 00 
RSP: 002b:00007ffe8d072648 EFLAGS: 00000213 ORIG_RAX: 0000000000000010
RAX: ffffffffffffffda RBX: 00000000004002e0 RCX: 0000000000443d39
RDX: 00000000304b4143 RSI: 0000000000005322 RDI: 0000000000000003
RBP: 00000000006ce018 R08: 00000000004002e0 R09: 00000000004002e0
R10: 000000000000ffff R11: 0000000000000213 R12: 00000000004019e0
R13: 0000000000401a70 R14: 0000000000000000 R15: 0000000000000000
================================================================================

