
Debian GNU/Linux 7 syzkaller ttyS0

syzkaller login: [   14.414810] ================================================================================
[   14.420322] UBSAN: Undefined behaviour in sound/core/timer.c:1524:19
[   14.422827] signed integer overflow:
[   14.425372] 2147483647 + 1 cannot be represented in type 'int'
[   14.426614] CPU: 0 PID: 2719 Comm: syz-executor331 Not tainted 4.18.0-rc1 #2
[   14.428587] Hardware name: QEMU Standard PC (i440FX + PIIX, 1996), BIOS rel-1.10.2-0-g5f4c7b1-prebuilt.qemu-project.org 04/01/2014
[   14.431825] Call Trace:
[   14.432371]  dump_stack+0x122/0x1c8
[   14.435105]  ? show_regs_print_info+0x18/0x18
[   14.439594]  ubsan_epilogue+0x12/0x86
[   14.440387]  handle_overflow+0x1c2/0x21f
[   14.441222]  ? __ubsan_handle_negate_overflow+0x1bc/0x1bc
[   14.442368]  ? deref_stack_reg+0xbd/0x120
[   14.443257]  ? __read_once_size_nocheck.constprop.3+0x50/0x50
[   14.444465]  ? calibrate_delay+0x324/0x1987
[   14.445350]  ? mntput_no_expire+0xef/0x870
[   14.446230]  ? kasan_check_read+0x11/0x20
[   14.447087]  ? mutex_lock+0x96/0xf0
[   14.447832]  ? __mutex_lock_slowpath+0x20/0x20
[   14.448777]  __ubsan_handle_add_overflow+0x2a/0x31
[   14.449797]  __snd_timer_user_ioctl+0x204d/0x2520
[   14.450811]  ? snd_timer_user_params+0xca0/0xca0
[   14.452047]  ? kernel_text_address+0xf2/0x100
[   14.453023]  ? __kernel_text_address+0x12/0x40
[   14.453998]  ? avc_has_extended_perms+0x3d5/0xf40
[   14.455008]  ? avc_ss_reset+0x1c0/0x1c0
[   14.455827]  ? save_stack+0xb5/0xd0
[   14.456609]  ? save_stack+0x46/0xd0
[   14.457429]  ? __kasan_slab_free+0x137/0x180
[   14.458420]  ? kasan_slab_free+0xe/0x10
[   14.460504]  ? rcu_note_context_switch+0x400/0x400
[   14.461519]  ? entry_SYSCALL_64_after_hwframe+0x49/0xbe
[   14.462883]  ? __close_fd+0x580/0x580
[   14.463728]  ? kasan_check_write+0x14/0x20
[   14.464650]  ? kasan_check_read+0x11/0x20
[   14.465723]  ? mutex_lock+0x96/0xf0
[   14.466484]  ? __mutex_lock_slowpath+0x20/0x20
[   14.467436]  ? snd_timer_user_ioctl_compat+0x5e0/0x5e0
[   14.468523]  ? snd_timer_user_ioctl+0x67/0x95
[   14.469447]  snd_timer_user_ioctl+0x67/0x95
[   14.470357]  do_vfs_ioctl+0x1e8/0x1340
[   14.471162]  ? ioctl_preallocate+0x250/0x250
[   14.472072]  ? selinux_file_ioctl+0x3d9/0x680
[   14.472998]  ? match_file+0x140/0x140
[   14.473816]  ? __slab_free+0x281/0x6f0
[   14.474707]  ? kmem_cache_free+0xdc/0x3a0
[   14.475666]  ? security_file_ioctl+0x91/0xd0
[   14.476582]  ksys_ioctl+0x9c/0xb0
[   14.477368]  __x64_sys_ioctl+0x81/0xd0
[   14.478312]  do_syscall_64+0xb8/0x3a0
[   14.479095]  entry_SYSCALL_64_after_hwframe+0x49/0xbe
[   14.480360] RIP: 0033:0x443d79
[   14.481092] Code: 18 89 d0 c3 66 2e 0f 1f 84 00 00 00 00 00 0f 1f 00 48 89 f8 48 89 f7 48 89 d6 48 89 ca 4d 89 c2 4d 89 c8 4c 8b 4c 24 08 0f 05 <48> 3d 01 f0 ff ff 0f 83 1b d8 fb ff c3 66 2e 0f 1f 84 00 00 00 00 
[   14.485105] RSP: 002b:00007ffcc60d0298 EFLAGS: 00000213 ORIG_RAX: 0000000000000010
[   14.486857] RAX: ffffffffffffffda RBX: 00000000004002e0 RCX: 0000000000443d79
[   14.488553] RDX: 0000000020000200 RSI: 00000000c0145401 RDI: 0000000000000003
[   14.490197] RBP: 00000000006ce018 R08: 00000000004002e0 R09: 00000000004002e0
[   14.491771] R10: 000000000000ffff R11: 0000000000000213 R12: 0000000000401a20
[   14.493552] R13: 0000000000401ab0 R14: 0000000000000000 R15: 0000000000000000
[   14.495158] ================================================================================
executing program
