606 programs, 1 VMs
extracting reproducer from 537 programs
single: executing 2 programs separately with timeout 10s
testing program (duration=10s, {Threaded:true Collide:true Repeat:true Procs:2 Sandbox:none Fault:false FaultCall:-1 FaultNth:0 EnableTun:true UseTmpDir:true EnableCgroups:true EnableNetdev:true ResetNet:true HandleSegv:true WaitRepeat:true Debug:false Repro:true}): clone-wait4
program did not crash
testing program (duration=10s, {Threaded:true Collide:true Repeat:true Procs:2 Sandbox:none Fault:false FaultCall:-1 FaultNth:0 EnableTun:true UseTmpDir:true EnableCgroups:true EnableNetdev:true ResetNet:true HandleSegv:true WaitRepeat:true Debug:false Repro:true}): syz_open_dev$sndtimer-ioctl$SNDRV_TIMER_IOCTL_NEXT_DEVICE
program crashed: UBSAN: Undefined behaviour in sound/core/timer.c:LINE
single: successfully extracted reproducer
found reproducer with 2 syscalls
minimizing guilty program
testing program (duration=15s, {Threaded:true Collide:true Repeat:true Procs:2 Sandbox:none Fault:false FaultCall:-1 FaultNth:0 EnableTun:true UseTmpDir:true EnableCgroups:true EnableNetdev:true ResetNet:true HandleSegv:true WaitRepeat:true Debug:false Repro:true}): syz_open_dev$sndtimer
program did not crash
testing program (duration=15s, {Threaded:true Collide:true Repeat:true Procs:2 Sandbox:none Fault:false FaultCall:-1 FaultNth:0 EnableTun:true UseTmpDir:true EnableCgroups:true EnableNetdev:true ResetNet:true HandleSegv:true WaitRepeat:true Debug:false Repro:true}): ioctl$SNDRV_TIMER_IOCTL_NEXT_DEVICE
program did not crash
extracting C reproducer
testing compiled C program (duration=15s, {Threaded:true Collide:true Repeat:true Procs:2 Sandbox:none Fault:false FaultCall:-1 FaultNth:0 EnableTun:true UseTmpDir:true EnableCgroups:true EnableNetdev:true ResetNet:true HandleSegv:true WaitRepeat:true Debug:false Repro:true}): syz_open_dev$sndtimer-ioctl$SNDRV_TIMER_IOCTL_NEXT_DEVICE
program crashed: UBSAN: Undefined behaviour in sound/core/timer.c:LINE
simplifying C reproducer
testing compiled C program (duration=15s, {Threaded:true Collide:false Repeat:true Procs:2 Sandbox:none Fault:false FaultCall:-1 FaultNth:0 EnableTun:true UseTmpDir:true EnableCgroups:true EnableNetdev:true ResetNet:true HandleSegv:true WaitRepeat:true Debug:false Repro:true}): syz_open_dev$sndtimer-ioctl$SNDRV_TIMER_IOCTL_NEXT_DEVICE
program crashed: UBSAN: Undefined behaviour in sound/core/timer.c:LINE
testing compiled C program (duration=15s, {Threaded:false Collide:false Repeat:true Procs:2 Sandbox:none Fault:false FaultCall:-1 FaultNth:0 EnableTun:true UseTmpDir:true EnableCgroups:true EnableNetdev:true ResetNet:true HandleSegv:true WaitRepeat:true Debug:false Repro:true}): syz_open_dev$sndtimer-ioctl$SNDRV_TIMER_IOCTL_NEXT_DEVICE
program crashed: UBSAN: Undefined behaviour in sound/core/timer.c:LINE
testing compiled C program (duration=15s, {Threaded:false Collide:false Repeat:false Procs:1 Sandbox:none Fault:false FaultCall:-1 FaultNth:0 EnableTun:true UseTmpDir:true EnableCgroups:false EnableNetdev:true ResetNet:false HandleSegv:true WaitRepeat:false Debug:false Repro:true}): syz_open_dev$sndtimer-ioctl$SNDRV_TIMER_IOCTL_NEXT_DEVICE
program crashed: UBSAN: Undefined behaviour in sound/core/timer.c:LINE
testing compiled C program (duration=15s, {Threaded:false Collide:false Repeat:false Procs:1 Sandbox: Fault:false FaultCall:-1 FaultNth:0 EnableTun:false UseTmpDir:true EnableCgroups:false EnableNetdev:false ResetNet:false HandleSegv:true WaitRepeat:false Debug:false Repro:true}): syz_open_dev$sndtimer-ioctl$SNDRV_TIMER_IOCTL_NEXT_DEVICE
program crashed: UBSAN: Undefined behaviour in sound/core/timer.c:LINE
testing compiled C program (duration=15s, {Threaded:false Collide:false Repeat:false Procs:1 Sandbox: Fault:false FaultCall:-1 FaultNth:0 EnableTun:false UseTmpDir:false EnableCgroups:false EnableNetdev:false ResetNet:false HandleSegv:true WaitRepeat:false Debug:false Repro:true}): syz_open_dev$sndtimer-ioctl$SNDRV_TIMER_IOCTL_NEXT_DEVICE
program crashed: UBSAN: Undefined behaviour in sound/core/timer.c:LINE
testing compiled C program (duration=15s, {Threaded:false Collide:false Repeat:false Procs:1 Sandbox: Fault:false FaultCall:-1 FaultNth:0 EnableTun:false UseTmpDir:false EnableCgroups:false EnableNetdev:false ResetNet:false HandleSegv:false WaitRepeat:false Debug:false Repro:true}): syz_open_dev$sndtimer-ioctl$SNDRV_TIMER_IOCTL_NEXT_DEVICE
program crashed: UBSAN: Undefined behaviour in sound/core/timer.c:LINE
reproducing took 5m15.053042598s
repro crashed as (corrupted=false):
================================================================================
UBSAN: Undefined behaviour in sound/core/timer.c:1524:19
signed integer overflow:
2147483647 + 1 cannot be represented in type 'int'
CPU: 0 PID: 2719 Comm: syz-executor331 Not tainted 4.18.0-rc1 #2
Hardware name: QEMU Standard PC (i440FX + PIIX, 1996), BIOS rel-1.10.2-0-g5f4c7b1-prebuilt.qemu-project.org 04/01/2014
Call Trace:
 dump_stack+0x122/0x1c8
 ubsan_epilogue+0x12/0x86
 handle_overflow+0x1c2/0x21f
 __ubsan_handle_add_overflow+0x2a/0x31
 __snd_timer_user_ioctl+0x204d/0x2520
 snd_timer_user_ioctl+0x67/0x95
 do_vfs_ioctl+0x1e8/0x1340
 ksys_ioctl+0x9c/0xb0
 __x64_sys_ioctl+0x81/0xd0
 do_syscall_64+0xb8/0x3a0
 entry_SYSCALL_64_after_hwframe+0x49/0xbe
RIP: 0033:0x443d79
Code: 18 89 d0 c3 66 2e 0f 1f 84 00 00 00 00 00 0f 1f 00 48 89 f8 48 89 f7 48 89 d6 48 89 ca 4d 89 c2 4d 89 c8 4c 8b 4c 24 08 0f 05 <48> 3d 01 f0 ff ff 0f 83 1b d8 fb ff c3 66 2e 0f 1f 84 00 00 00 00 
RSP: 002b:00007ffcc60d0298 EFLAGS: 00000213 ORIG_RAX: 0000000000000010
RAX: ffffffffffffffda RBX: 00000000004002e0 RCX: 0000000000443d79
RDX: 0000000020000200 RSI: 00000000c0145401 RDI: 0000000000000003
RBP: 00000000006ce018 R08: 00000000004002e0 R09: 00000000004002e0
R10: 000000000000ffff R11: 0000000000000213 R12: 0000000000401a20
R13: 0000000000401ab0 R14: 0000000000000000 R15: 0000000000000000
================================================================================

final repro crashed as (corrupted=false):
================================================================================
UBSAN: Undefined behaviour in sound/core/timer.c:1524:19
signed integer overflow:
2147483647 + 1 cannot be represented in type 'int'
CPU: 0 PID: 2719 Comm: syz-executor331 Not tainted 4.18.0-rc1 #2
Hardware name: QEMU Standard PC (i440FX + PIIX, 1996), BIOS rel-1.10.2-0-g5f4c7b1-prebuilt.qemu-project.org 04/01/2014
Call Trace:
 dump_stack+0x122/0x1c8
 ubsan_epilogue+0x12/0x86
 handle_overflow+0x1c2/0x21f
 __ubsan_handle_add_overflow+0x2a/0x31
 __snd_timer_user_ioctl+0x204d/0x2520
 snd_timer_user_ioctl+0x67/0x95
 do_vfs_ioctl+0x1e8/0x1340
 ksys_ioctl+0x9c/0xb0
 __x64_sys_ioctl+0x81/0xd0
 do_syscall_64+0xb8/0x3a0
 entry_SYSCALL_64_after_hwframe+0x49/0xbe
RIP: 0033:0x443d79
Code: 18 89 d0 c3 66 2e 0f 1f 84 00 00 00 00 00 0f 1f 00 48 89 f8 48 89 f7 48 89 d6 48 89 ca 4d 89 c2 4d 89 c8 4c 8b 4c 24 08 0f 05 <48> 3d 01 f0 ff ff 0f 83 1b d8 fb ff c3 66 2e 0f 1f 84 00 00 00 00 
RSP: 002b:00007ffcc60d0298 EFLAGS: 00000213 ORIG_RAX: 0000000000000010
RAX: ffffffffffffffda RBX: 00000000004002e0 RCX: 0000000000443d79
RDX: 0000000020000200 RSI: 00000000c0145401 RDI: 0000000000000003
RBP: 00000000006ce018 R08: 00000000004002e0 R09: 00000000004002e0
R10: 000000000000ffff R11: 0000000000000213 R12: 0000000000401a20
R13: 0000000000401ab0 R14: 0000000000000000 R15: 0000000000000000
================================================================================

