953 programs, 1 VMs
extracting reproducer from 953 programs
single: executing 2 programs separately with timeout 10s
testing program (duration=10s, {Threaded:true Collide:true Repeat:true Procs:2 Sandbox:none Fault:false FaultCall:-1 FaultNth:0 EnableTun:true UseTmpDir:true EnableCgroups:true EnableNetdev:true ResetNet:true HandleSegv:true WaitRepeat:true Debug:false Repro:true}): sched_setattr-sched_setattr
program did not crash
testing program (duration=10s, {Threaded:true Collide:true Repeat:true Procs:2 Sandbox:none Fault:false FaultCall:-1 FaultNth:0 EnableTun:true UseTmpDir:true EnableCgroups:true EnableNetdev:true ResetNet:true HandleSegv:true WaitRepeat:true Debug:false Repro:true}): socket$inet_icmp_raw-setsockopt$inet_buf
program did not crash
single: failed to extract reproducer
bisect: bisecting 953 programs with base timeout 10s
bisect: bisecting 953 programs
bisect: executing all 953 programs
testing program (duration=4m8s, {Threaded:true Collide:true Repeat:true Procs:2 Sandbox:none Fault:false FaultCall:-1 FaultNth:0 EnableTun:true UseTmpDir:true EnableCgroups:true EnableNetdev:true ResetNet:true HandleSegv:true WaitRepeat:true Debug:false Repro:true}): [2, 2, 2, 2, 5, 5, 5, 5, 5, 5, 5, 5, 5, 4, 5, 4, 4, 4, 1, 1, 2, 1, 2, 2, 1, 2, 4, 3, 4, 3, 4, 3, 3, 4, 1, 1, 1, 1, 3, 3, 1, 1, 3, 1, 3, 1, 2, 4, 2, 4, 2, 2, 4, 4, 4, 3, 4, 3, 4, 3, 3, 3, 3, 3, 3, 3, 3, 3, 4, 5, 4, 5, 4, 5, 5, 5, 5, 5, 5, 4, 5, 4, 4, 4, 5, 3, 3, 3, 3, 3, 3, 3, 3, 3, 2, 3, 3, 2, 2, 2, 2, 2, 2, 2, 2, 1, 2, 2, 1, 1, 1, 2, 4, 4, 4, 4, 4, 4, 4, 4, 4, 4, 4, 4, 4, 4, 4, 4, 2, 4, 2, 2, 2, 2, 2, 2, 1, 2, 3, 3, 3, 3, 1, 3, 1, 3, 1, 3, 1, 2, 2, 4, 2, 4, 2, 4, 3, 4, 3, 4, 3, 4, 4, 3, 3, 2, 3, 2, 3, 2, 3, 2, 2, 2, 2, 2, 2, 2, 2, 2, 3, 3, 3, 3, 3, 3, 3, 4, 3, 4, 3, 4, 3, 3, 4, 2, 2, 2, 6, 2, 6, 4, 6, 4, 6, 4, 4, 4, 3, 4, 3, 4, 3, 3, 3, 3, 3, 3, 3, 3, 3, 4, 4, 4, 4, 4, 4, 2, 4, 4, 2, 4, 2, 2, 4, 2, 4, 2, 4, 2, 4, 2, 4, 2, 4, 2, 4, 2, 4, 3, 3, 6, 3, 6, 3, 6, 6, 6, 2, 6, 2, 6, 2, 6, 6, 6, 2, 4, 2, 4, 2, 4, 2, 2, 4, 4, 2, 4, 2, 4, 2, 2, 4, 2, 4, 2, 2, 4, 4, 4, 2, 4, 2, 4, 2, 2, 2, 3, 2, 3, 2, 3, 3, 3, 3, 3, 4, 4, 4, 4, 4, 3, 3, 4, 3, 4, 3, 3, 3, 4, 3, 3, 4, 3, 3, 2, 4, 2, 2, 2, 2, 2, 2, 2, 2, 2, 2, 17, 17, 17, 17, 17, 17, 17, 17, 17, 17, 17, 17, 17, 17, 17, 17, 17, 17, 17, 17, 17, 17, 17, 17, 3, 17, 3, 3, 3, 6, 6, 6, 6, 6, 6, 3, 6, 3, 3, 3, 6, 6, 6, 6, 6, 6, 6, 6, 6, 6, 6, 6, 6, 6, 6, 6, 6, 6, 2, 2, 2, 6, 2, 3, 3, 3, 3, 11, 3, 3, 3, 11, 11, 11, 11, 11, 11, 11, 11, 11, 11, 11, 11, 11, 11, 11, 11, 2, 11, 2, 11, 2, 2, 5, 2, 2, 5, 2, 5, 5, 5, 5, 5, 5, 5, 1, 5, 5, 1, 5, 5, 1, 2, 2, 2, 1, 2, 5, 5, 5, 5, 5, 5, 5, 3, 5, 3, 5, 3, 3, 3, 5, 5, 3, 5, 3, 5, 5, 5, 2, 2, 5, 2, 5, 2, 2, 2, 2, 2, 2, 2, 2, 2, 2, 2, 6, 2, 6, 6, 6, 6, 6, 2, 6, 6, 2, 6, 2, 2, 6, 3, 3, 3, 3, 3, 3, 2, 3, 2, 2, 2, 2, 2, 2, 2, 2, 2, 2, 2, 2, 2, 2, 2, 2, 2, 2, 2, 2, 2, 2, 2, 8, 3, 3, 8, 3, 8, 8, 8, 8, 8, 8, 8, 8, 8, 8, 8, 3, 8, 3, 8, 3, 3, 8, 5, 5, 5, 5, 5, 5, 5, 4, 5, 4, 5, 4, 4, 5, 2, 3, 2, 3, 2, 2, 3, 2, 2, 2, 3, 2, 3, 2, 3, 2, 3, 2, 4, 4, 4, 4, 2, 4, 2, 4, 2, 4, 2, 3, 3, 3, 3, 3, 3, 3, 3, 3, 3, 3, 4, 4, 4, 4, 4, 4, 4, 4, 2, 2, 4, 2, 2, 4, 3, 3, 3, 3, 3, 3, 3, 2, 2, 2, 3, 2, 2, 3, 2, 2, 3, 2, 2, 2, 2, 3, 3, 3, 3, 3, 3, 3, 3, 3, 3, 28, 28, 28, 28, 28, 28, 28, 28, 28, 28, 28, 28, 28, 28, 28, 28, 28, 28, 28, 28, 28, 28, 28, 28, 28, 28, 28, 28, 28, 28, 28, 28, 28, 28, 28, 28, 28, 28, 28, 28, 28, 28, 28, 28, 28, 28, 28, 28, 2, 2, 2, 2, 28, 1, 2, 2, 1, 1, 2, 1, 2, 1, 1, 2, 1, 2, 1, 2, 2, 2, 2, 2, 2, 2, 2, 2, 2, 2, 2, 2, 4, 4, 4, 4, 4, 4, 4, 4, 7, 4, 7, 4, 7, 7, 7, 7, 7, 7, 7, 7, 7, 7, 7, 7, 7, 7, 1, 7, 1, 7, 1, 7, 1, 2, 1, 2, 1, 2, 1, 1, 2, 5, 5, 5, 5, 5, 5, 5, 5, 5, 5, 5, 5, 3, 3, 3, 3, 3, 3, 5, 5, 5, 3, 5, 6, 6, 6, 6, 6, 6, 6, 6, 6, 6, 6, 6, 6, 6, 6, 6, 6, 6, 6, 6, 6, 6, 6, 6, 6, 6, 6, 6, 6, 6, 6, 2, 2, 2, 2, 2, 2, 6, 6, 6, 2, 6, 2, 2, 2, 2, 2, 2, 2, 2, 3, 3, 3, 3, 3, 3, 3, 2, 3, 2, 3, 2, 2, 3, 2, 2, 4, 2, 2, 4, 4, 4, 4, 4, 4, 4, 3, 4, 3, 4, 3, 3, 3, 3, 3, 3, 3, 3, 3, 3, 3, 3, 2, 2, 2, 2, 2, 2, 3, 3, 2, 3, 3, 3, 4, 3, 4, 3, 4, 4, 4, 4, 4, 4, 4, 4, 4, 2, 4, 2, 4, 2, 2, 2, 4, 2, 4, 2, 4, 4, 4, 4, 3, 4, 3, 4, 4, 3, 3, 3, 3, 3, 3, 4, 3, 4, 4, 4, 3]
program did not crash
bisect: didn't crash
single: executing 2 programs separately with timeout 1m0s
testing program (duration=1m0s, {Threaded:true Collide:true Repeat:true Procs:2 Sandbox:none Fault:false FaultCall:-1 FaultNth:0 EnableTun:true UseTmpDir:true EnableCgroups:true EnableNetdev:true ResetNet:true HandleSegv:true WaitRepeat:true Debug:false Repro:true}): socket$inet_icmp_raw-setsockopt$inet_buf
program did not crash
testing program (duration=1m0s, {Threaded:true Collide:true Repeat:true Procs:2 Sandbox:none Fault:false FaultCall:-1 FaultNth:0 EnableTun:true UseTmpDir:true EnableCgroups:true EnableNetdev:true ResetNet:true HandleSegv:true WaitRepeat:true Debug:false Repro:true}): sched_setattr-sched_setattr
program did not crash
single: failed to extract reproducer
bisect: bisecting 953 programs with base timeout 1m0s
bisect: bisecting 953 programs
bisect: executing all 953 programs
testing program (duration=4m58s, {Threaded:true Collide:true Repeat:true Procs:2 Sandbox:none Fault:false FaultCall:-1 FaultNth:0 EnableTun:true UseTmpDir:true EnableCgroups:true EnableNetdev:true ResetNet:true HandleSegv:true WaitRepeat:true Debug:false Repro:true}): [3, 4, 4, 4, 3, 4, 3, 3, 3, 3, 3, 3, 4, 4, 3, 4, 3, 4, 4, 4, 4, 2, 4, 2, 4, 2, 2, 2, 4, 2, 4, 2, 4, 4, 4, 4, 4, 4, 4, 4, 4, 3, 4, 3, 4, 3, 3, 3, 2, 3, 3, 2, 2, 2, 2, 2, 2, 3, 3, 3, 3, 3, 3, 3, 3, 3, 3, 3, 3, 4, 3, 4, 3, 4, 4, 4, 4, 4, 4, 4, 2, 2, 4, 2, 2, 3, 2, 2, 3, 2, 3, 2, 3, 3, 3, 3, 3, 3, 3, 2, 2, 2, 2, 2, 2, 2, 2, 6, 2, 6, 6, 6, 2, 2, 2, 2, 2, 2, 6, 6, 6, 6, 6, 6, 6, 6, 6, 6, 6, 6, 6, 6, 6, 6, 6, 6, 6, 6, 6, 6, 6, 6, 6, 6, 6, 6, 6, 6, 6, 5, 3, 5, 5, 5, 3, 3, 3, 3, 3, 3, 5, 5, 5, 5, 5, 5, 5, 5, 5, 5, 5, 5, 2, 1, 1, 2, 1, 2, 1, 2, 1, 7, 1, 7, 1, 7, 1, 7, 7, 7, 7, 7, 7, 7, 7, 7, 7, 7, 7, 7, 7, 4, 7, 4, 7, 4, 4, 4, 4, 4, 4, 4, 4, 2, 2, 2, 2, 2, 2, 2, 2, 2, 2, 2, 2, 2, 1, 2, 1, 2, 1, 1, 2, 1, 2, 1, 1, 2, 2, 1, 28, 2, 2, 2, 2, 28, 28, 28, 28, 28, 28, 28, 28, 28, 28, 28, 28, 28, 28, 28, 28, 28, 28, 28, 28, 28, 28, 28, 28, 28, 28, 28, 28, 28, 28, 28, 28, 28, 28, 28, 28, 28, 28, 28, 28, 28, 28, 28, 28, 28, 28, 28, 28, 3, 3, 3, 3, 3, 3, 3, 3, 3, 3, 2, 2, 2, 2, 3, 2, 2, 3, 2, 2, 3, 2, 2, 2, 3, 3, 3, 3, 3, 3, 3, 4, 2, 2, 4, 2, 2, 4, 4, 4, 4, 4, 4, 4, 4, 3, 3, 3, 3, 3, 3, 3, 3, 3, 3, 3, 2, 4, 2, 4, 2, 4, 2, 4, 4, 4, 4, 2, 3, 2, 3, 2, 3, 2, 3, 2, 2, 2, 3, 2, 2, 3, 2, 3, 2, 5, 4, 4, 5, 4, 5, 4, 5, 5, 5, 5, 5, 5, 5, 8, 3, 3, 8, 3, 8, 3, 8, 8, 8, 8, 8, 8, 8, 8, 8, 8, 8, 3, 8, 3, 3, 8, 2, 2, 2, 2, 2, 2, 2, 2, 2, 2, 2, 2, 2, 2, 2, 2, 2, 2, 2, 2, 2, 2, 2, 3, 2, 3, 3, 3, 3, 3, 3, 6, 2, 2, 6, 2, 6, 6, 2, 6, 6, 6, 6, 6, 2, 6, 2, 2, 2, 2, 2, 2, 2, 2, 2, 2, 2, 5, 2, 5, 2, 2, 5, 5, 5, 3, 5, 3, 5, 5, 3, 3, 3, 5, 3, 5, 3, 5, 5, 5, 5, 5, 5, 5, 2, 1, 2, 2, 2, 1, 5, 5, 1, 5, 5, 1, 5, 5, 5, 5, 5, 5, 5, 2, 5, 2, 2, 5, 2, 2, 11, 2, 11, 2, 11, 11, 11, 11, 11, 11, 11, 11, 11, 11, 11, 11, 11, 11, 11, 11, 3, 3, 3, 11, 3, 3, 3, 3, 2, 6, 2, 2, 2, 6, 6, 6, 6, 6, 6, 6, 6, 6, 6, 6, 6, 6, 6, 6, 6, 6, 6, 3, 3, 3, 6, 3, 6, 6, 6, 6, 6, 6, 3, 3, 3, 17, 3, 17, 17, 17, 17, 17, 17, 17, 17, 17, 17, 17, 17, 17, 17, 17, 17, 17, 17, 17, 17, 17, 17, 17, 17, 2, 2, 2, 2, 2, 2, 2, 2, 2, 2, 4, 2, 3, 3, 4, 3, 3, 4, 3, 3, 3, 4, 3, 4, 3, 3, 4, 4, 4, 4, 4, 3, 3, 3, 3, 3, 2, 3, 2, 3, 2, 2, 2, 4, 2, 4, 2, 4, 4, 4, 2, 2, 4, 2, 4, 2, 2, 4, 2, 4, 2, 4, 4, 2, 2, 4, 2, 4, 2, 4, 2, 6, 6, 6, 2, 6, 2, 6, 2, 6, 6, 6, 3, 6, 3, 6, 3, 3, 4, 2, 4, 2, 4, 2, 4, 2, 4, 2, 4, 2, 4, 2, 4, 2, 2, 4, 2, 4, 4, 2, 4, 4, 4, 4, 4, 4, 3, 3, 3, 3, 3, 3, 3, 3, 3, 4, 3, 4, 3, 4, 4, 4, 6, 4, 6, 4, 6, 2, 6, 2, 2, 2, 4, 3, 3, 4, 3, 4, 3, 4, 3, 3, 3, 3, 3, 3, 3, 2, 2, 2, 2, 2, 2, 2, 2, 2, 3, 2, 3, 2, 3, 2, 3, 3, 4, 4, 3, 4, 3, 4, 3, 4, 2, 4, 2, 4, 2, 2, 1, 3, 1, 3, 1, 3, 1, 3, 3, 3, 3, 2, 1, 2, 2, 2, 2, 2, 2, 4, 2, 4, 4, 4, 4, 4, 4, 4, 4, 4, 4, 4, 4, 4, 4, 4, 4, 2, 1, 1, 1, 2, 2, 1, 2, 2, 2, 2, 2, 2, 2, 2, 3, 3, 2, 3, 3, 3, 3, 3, 3, 3, 3, 3, 5, 4, 4, 4, 5, 4, 5, 5, 5, 5, 5, 5, 4, 5, 4, 5, 4, 3, 3, 3, 3, 3, 3, 3, 3, 3, 4, 3, 4, 3, 4, 4, 4, 2, 2, 4, 2, 4, 2, 1, 3, 1, 3, 1, 1, 3, 3, 1, 1, 1, 1, 4, 3, 3, 4, 3, 4, 3, 4, 2, 1, 2, 2, 1, 2, 1, 1, 4, 4, 4, 5, 4, 5, 5, 5, 5, 5, 5, 5, 5, 5, 2, 2, 2, 2]
program did not crash
bisect: didn't crash
single: executing 2 programs separately with timeout 5m0s
testing program (duration=5m0s, {Threaded:true Collide:true Repeat:true Procs:2 Sandbox:none Fault:false FaultCall:-1 FaultNth:0 EnableTun:true UseTmpDir:true EnableCgroups:true EnableNetdev:true ResetNet:true HandleSegv:true WaitRepeat:true Debug:false Repro:true}): sched_setattr-sched_setattr
program crashed: no output from test machine
single: successfully extracted reproducer
found reproducer with 2 syscalls
minimizing guilty program
testing program (duration=7m30s, {Threaded:true Collide:true Repeat:true Procs:2 Sandbox:none Fault:false FaultCall:-1 FaultNth:0 EnableTun:true UseTmpDir:true EnableCgroups:true EnableNetdev:true ResetNet:true HandleSegv:true WaitRepeat:true Debug:false Repro:true}): sched_setattr
program did not crash
testing program (duration=7m30s, {Threaded:true Collide:true Repeat:true Procs:2 Sandbox:none Fault:false FaultCall:-1 FaultNth:0 EnableTun:true UseTmpDir:true EnableCgroups:true EnableNetdev:true ResetNet:true HandleSegv:true WaitRepeat:true Debug:false Repro:true}): sched_setattr
program did not crash
extracting C reproducer
testing compiled C program (duration=7m30s, {Threaded:true Collide:true Repeat:true Procs:2 Sandbox:none Fault:false FaultCall:-1 FaultNth:0 EnableTun:true UseTmpDir:true EnableCgroups:true EnableNetdev:true ResetNet:true HandleSegv:true WaitRepeat:true Debug:false Repro:true}): sched_setattr-sched_setattr
program crashed: no output from test machine
simplifying C reproducer
testing compiled C program (duration=7m30s, {Threaded:true Collide:false Repeat:true Procs:2 Sandbox:none Fault:false FaultCall:-1 FaultNth:0 EnableTun:true UseTmpDir:true EnableCgroups:true EnableNetdev:true ResetNet:true HandleSegv:true WaitRepeat:true Debug:false Repro:true}): sched_setattr-sched_setattr
program did not crash
testing compiled C program (duration=7m30s, {Threaded:true Collide:true Repeat:false Procs:1 Sandbox:none Fault:false FaultCall:-1 FaultNth:0 EnableTun:true UseTmpDir:true EnableCgroups:false EnableNetdev:true ResetNet:false HandleSegv:true WaitRepeat:false Debug:false Repro:true}): sched_setattr-sched_setattr
program did not crash
testing compiled C program (duration=7m30s, {Threaded:true Collide:true Repeat:true Procs:1 Sandbox:none Fault:false FaultCall:-1 FaultNth:0 EnableTun:true UseTmpDir:true EnableCgroups:true EnableNetdev:true ResetNet:true HandleSegv:true WaitRepeat:true Debug:false Repro:true}): sched_setattr-sched_setattr
program crashed: no output from test machine
testing compiled C program (duration=7m30s, {Threaded:true Collide:true Repeat:true Procs:1 Sandbox: Fault:false FaultCall:-1 FaultNth:0 EnableTun:false UseTmpDir:true EnableCgroups:false EnableNetdev:false ResetNet:false HandleSegv:true WaitRepeat:true Debug:false Repro:true}): sched_setattr-sched_setattr
program crashed: no output from test machine
testing compiled C program (duration=7m30s, {Threaded:true Collide:true Repeat:true Procs:1 Sandbox: Fault:false FaultCall:-1 FaultNth:0 EnableTun:false UseTmpDir:false EnableCgroups:false EnableNetdev:false ResetNet:false HandleSegv:true WaitRepeat:true Debug:false Repro:true}): sched_setattr-sched_setattr
program crashed: no output from test machine
testing compiled C program (duration=7m30s, {Threaded:true Collide:true Repeat:true Procs:1 Sandbox: Fault:false FaultCall:-1 FaultNth:0 EnableTun:false UseTmpDir:false EnableCgroups:false EnableNetdev:false ResetNet:false HandleSegv:false WaitRepeat:true Debug:false Repro:true}): sched_setattr-sched_setattr
program crashed: no output from test machine
testing compiled C program (duration=7m30s, {Threaded:true Collide:true Repeat:true Procs:1 Sandbox: Fault:false FaultCall:-1 FaultNth:0 EnableTun:false UseTmpDir:false EnableCgroups:false EnableNetdev:false ResetNet:false HandleSegv:false WaitRepeat:false Debug:false Repro:true}): sched_setattr-sched_setattr
program did not crash
reproducing took 1h4m49.895701452s
repro crashed as (corrupted=false):

final repro crashed as (corrupted=false):

